52.0 APEX_CODE,FINEST;APEX_PROFILING,INFO;CALLOUT,INFO;DB,INFO;NBA,INFO;SYSTEM,DEBUG;VALIDATION,INFO;VISUALFORCE,FINER;WAVE,INFO;WORKFLOW,INFO
14:55:48.2 (2610395)|USER_INFO|[EXTERNAL]|0057Q000000qWuA|marwa-majdoub@resourceful-koala-fluhag.com|(GMT+01:00) heure normale d’Europe centrale (Europe/Paris)|GMT+01:00
14:55:48.2 (2732839)|EXECUTION_STARTED
14:55:48.2 (2757070)|CODE_UNIT_STARTED|[EXTERNAL]|01p7Q000001edKJ|testUpdateAccountCA.test()
14:55:48.2 (57027492)|HEAP_ALLOCATE|[79]|Bytes:3
14:55:48.2 (57157805)|HEAP_ALLOCATE|[84]|Bytes:152
14:55:48.2 (57177432)|HEAP_ALLOCATE|[399]|Bytes:408
14:55:48.2 (57199364)|HEAP_ALLOCATE|[412]|Bytes:408
14:55:48.2 (57215460)|HEAP_ALLOCATE|[520]|Bytes:48
14:55:48.2 (57246630)|HEAP_ALLOCATE|[139]|Bytes:6
14:55:48.2 (57262959)|HEAP_ALLOCATE|[EXTERNAL]|Bytes:49
14:55:48.2 (57374275)|METHOD_ENTRY|[2]|01p7Q000001edKJ|testUpdateAccountCA.testUpdateAccountCA()
14:55:48.2 (57432907)|STATEMENT_EXECUTE|[2]
14:55:48.2 (57441122)|STATEMENT_EXECUTE|[2]
14:55:48.2 (57493701)|METHOD_EXIT|[2]|testUpdateAccountCA
14:55:48.2 (57557789)|HEAP_ALLOCATE|[52]|Bytes:5
14:55:48.2 (57597374)|HEAP_ALLOCATE|[58]|Bytes:5
14:55:48.2 (57607720)|HEAP_ALLOCATE|[66]|Bytes:7
14:55:48.2 (57684794)|STATEMENT_EXECUTE|[3]
14:55:48.2 (57687477)|STATEMENT_EXECUTE|[4]
14:55:48.2 (57789493)|HEAP_ALLOCATE|[4]|Bytes:4
14:55:48.2 (57881768)|HEAP_ALLOCATE|[4]|Bytes:14
14:55:48.2 (59187343)|VARIABLE_ASSIGNMENT|[4]|this.Name|"Test Account 1"|0x241db821
14:55:48.2 (59258035)|VARIABLE_SCOPE_BEGIN|[4]|acc1|Account|true|false
14:55:48.2 (59301716)|VARIABLE_ASSIGNMENT|[4]|acc1|{"Name":"Test Account 1"}|0x241db821
14:55:48.2 (59311246)|STATEMENT_EXECUTE|[5]
14:55:48.2 (59374240)|HEAP_ALLOCATE|[5]|Bytes:8
14:55:48.2 (59423991)|DML_BEGIN|[5]|Op:Insert|Type:Account|Rows:1
14:55:48.2 (59476971)|HEAP_ALLOCATE|[EXTERNAL]|Bytes:8
14:55:48.2 (116865391)|DML_END|[5]
14:55:48.2 (116905582)|STATEMENT_EXECUTE|[7]
14:55:48.2 (116982491)|HEAP_ALLOCATE|[7]|Bytes:4
14:55:48.2 (117098534)|HEAP_ALLOCATE|[7]|Bytes:24
14:55:48.2 (118059041)|VARIABLE_ASSIGNMENT|[7]|this.Name|"Chemise Verte longue (4 more) ..."|0x4cf692db
14:55:48.2 (118080055)|HEAP_ALLOCATE|[7]|Bytes:7
14:55:48.2 (118109381)|VARIABLE_ASSIGNMENT|[7]|this.Family|"Chemise"|0x4cf692db
14:55:48.2 (118153272)|VARIABLE_SCOPE_BEGIN|[7]|pd1|Product2|true|false
14:55:48.2 (118187960)|VARIABLE_ASSIGNMENT|[7]|pd1|{"Name":"Chemise Verte longue (4 more) ...","Family":"Chemise"}|0x4cf692db
14:55:48.2 (118200539)|STATEMENT_EXECUTE|[8]
14:55:48.2 (118234667)|HEAP_ALLOCATE|[8]|Bytes:8
14:55:48.2 (118255996)|DML_BEGIN|[8]|Op:Insert|Type:Product2|Rows:1
14:55:48.2 (118302381)|HEAP_ALLOCATE|[EXTERNAL]|Bytes:8
14:55:48.2 (138816188)|DML_END|[8]
14:55:48.2 (138845897)|STATEMENT_EXECUTE|[11]
14:55:48.2 (138920740)|HEAP_ALLOCATE|[11]|Bytes:4
14:55:48.2 (139074920)|HEAP_ALLOCATE|[12]|Bytes:74
14:55:48.2 (139107641)|SYSTEM_METHOD_ENTRY|[1]|Test.Test()
14:55:48.2 (139115478)|STATEMENT_EXECUTE|[1]
14:55:48.2 (139132668)|SYSTEM_METHOD_EXIT|[1]|Test
14:55:48.2 (139189151)|METHOD_ENTRY|[12]||System.Test.getStandardPricebookId()
14:55:48.2 (141966017)|METHOD_EXIT|[12]||System.Test.getStandardPricebookId()
14:55:48.2 (143259322)|VARIABLE_ASSIGNMENT|[11]|this.Pricebook2Id|"01s7Q000001IpDUQA0"|0xf929e3d
14:55:48.2 (143360632)|VARIABLE_ASSIGNMENT|[11]|this.Product2Id|"01t7Q000000h4F9QAI"|0xf929e3d
14:55:48.2 (143456839)|HEAP_ALLOCATE|[11]|Bytes:28
14:55:48.2 (143526166)|VARIABLE_ASSIGNMENT|[11]|this.UnitPrice|1020|0xf929e3d
14:55:48.2 (143564470)|VARIABLE_ASSIGNMENT|[11]|this.IsActive|true|0xf929e3d
14:55:48.2 (143604187)|VARIABLE_SCOPE_BEGIN|[11]|pbe|PricebookEntry|true|false
14:55:48.2 (143641024)|VARIABLE_ASSIGNMENT|[11]|pbe|{"Pricebook2Id":"01s7Q000001IpDUQA0","Product2Id":"01t7Q000000h4F9QAI","UnitPrice":1020,"IsActive":true}|0xf929e3d
14:55:48.2 (143653720)|STATEMENT_EXECUTE|[17]
14:55:48.2 (143681656)|HEAP_ALLOCATE|[17]|Bytes:8
14:55:48.2 (143702048)|DML_BEGIN|[17]|Op:Insert|Type:PricebookEntry|Rows:1
14:55:48.2 (143745135)|HEAP_ALLOCATE|[EXTERNAL]|Bytes:8
14:55:48.2 (163652357)|DML_END|[17]
14:55:48.2 (163683159)|STATEMENT_EXECUTE|[19]
14:55:48.2 (163759810)|HEAP_ALLOCATE|[19]|Bytes:4
14:55:48.2 (165125843)|VARIABLE_ASSIGNMENT|[19]|this.AccountId|"0017Q0000034JYwQAM"|0x549626fe
14:55:48.2 (165262654)|HEAP_ALLOCATE|[19]|Bytes:4
14:55:48.2 (165336134)|VARIABLE_ASSIGNMENT|[19]|this.EffectiveDate|"2021-11-05T00:00:00.000Z"|0x549626fe
14:55:48.2 (165348110)|HEAP_ALLOCATE|[19]|Bytes:5
14:55:48.2 (165371258)|VARIABLE_ASSIGNMENT|[19]|this.Status|"Draft"|0x549626fe
14:55:48.2 (165422761)|VARIABLE_ASSIGNMENT|[19]|this.Pricebook2Id|"01s7Q000001IpDUQA0"|0x549626fe
14:55:48.2 (165473935)|VARIABLE_SCOPE_BEGIN|[19]|o1|Order|true|false
14:55:48.2 (165537013)|VARIABLE_ASSIGNMENT|[19]|o1|{"AccountId":"0017Q0000034JYwQAM","EffectiveDate":"2021-11-05T00:00:00.000Z","Status":"Draft","Pricebook2Id":"01s7Q000001IpDUQA0"}|0x549626fe
14:55:48.2 (165550241)|STATEMENT_EXECUTE|[20]
14:55:48.2 (165583751)|HEAP_ALLOCATE|[20]|Bytes:8
14:55:48.2 (165604213)|DML_BEGIN|[20]|Op:Insert|Type:Order|Rows:1
14:55:48.2 (165658062)|HEAP_ALLOCATE|[EXTERNAL]|Bytes:8
14:55:48.2 (193606568)|DML_END|[20]
14:55:48.2 (193641677)|STATEMENT_EXECUTE|[22]
14:55:48.2 (193727452)|HEAP_ALLOCATE|[22]|Bytes:4
14:55:48.2 (194997076)|VARIABLE_ASSIGNMENT|[22]|this.OrderId|"8017Q000000bmEeQAI"|0x3e1be8e7
14:55:48.2 (195061768)|VARIABLE_ASSIGNMENT|[22]|this.PricebookEntryId|"01u7Q0000010cnvQAA"|0x3e1be8e7
14:55:48.2 (195113084)|HEAP_ALLOCATE|[22]|Bytes:28
14:55:48.2 (195121796)|HEAP_ALLOCATE|[22]|Bytes:28
14:55:48.2 (195149092)|VARIABLE_ASSIGNMENT|[22]|this.Quantity|10|0x3e1be8e7
14:55:48.2 (195165383)|HEAP_ALLOCATE|[22]|Bytes:28
14:55:48.2 (195185268)|VARIABLE_ASSIGNMENT|[22]|this.UnitPrice|150|0x3e1be8e7
14:55:48.2 (195223131)|VARIABLE_SCOPE_BEGIN|[22]|oi1|OrderItem|true|false
14:55:48.2 (195257708)|VARIABLE_ASSIGNMENT|[22]|oi1|{"OrderId":"8017Q000000bmEeQAI","PricebookEntryId":"01u7Q0000010cnvQAA","Quantity":10,"UnitPrice":150}|0x3e1be8e7
14:55:48.2 (195269596)|STATEMENT_EXECUTE|[23]
14:55:48.2 (195301531)|HEAP_ALLOCATE|[23]|Bytes:8
14:55:48.2 (195322905)|DML_BEGIN|[23]|Op:Insert|Type:OrderItem|Rows:1
14:55:48.2 (195367722)|HEAP_ALLOCATE|[EXTERNAL]|Bytes:8
14:55:48.2 (242523814)|CODE_UNIT_STARTED|[EXTERNAL]|Workflow:Order
14:55:48.2 (243335252)|CODE_UNIT_FINISHED|Workflow:Order
14:55:48.2 (248089704)|DML_END|[23]
14:55:48.2 (248158871)|STATEMENT_EXECUTE|[24]
14:55:48.2 (248190263)|HEAP_ALLOCATE|[24]|Bytes:4
14:55:48.2 (248284327)|VARIABLE_ASSIGNMENT|[24]|this.OrderId|"8017Q000000bmEeQAI"|0x1aa2b6ad
14:55:48.2 (248315759)|VARIABLE_ASSIGNMENT|[24]|this.PricebookEntryId|"01u7Q0000010cnvQAA"|0x1aa2b6ad
14:55:48.2 (248347066)|HEAP_ALLOCATE|[24]|Bytes:28
14:55:48.2 (248371600)|VARIABLE_ASSIGNMENT|[24]|this.Quantity|20|0x1aa2b6ad
14:55:48.2 (248382793)|HEAP_ALLOCATE|[24]|Bytes:28
14:55:48.2 (248400440)|VARIABLE_ASSIGNMENT|[24]|this.UnitPrice|1000|0x1aa2b6ad
14:55:48.2 (248440669)|VARIABLE_SCOPE_BEGIN|[24]|oi2|OrderItem|true|false
14:55:48.2 (248474087)|VARIABLE_ASSIGNMENT|[24]|oi2|{"OrderId":"8017Q000000bmEeQAI","PricebookEntryId":"01u7Q0000010cnvQAA","Quantity":20,"UnitPrice":1000}|0x1aa2b6ad
14:55:48.2 (248492736)|STATEMENT_EXECUTE|[25]
14:55:48.2 (248526139)|HEAP_ALLOCATE|[25]|Bytes:8
14:55:48.2 (248544268)|DML_BEGIN|[25]|Op:Insert|Type:OrderItem|Rows:1
14:55:48.2 (248589475)|HEAP_ALLOCATE|[EXTERNAL]|Bytes:8
14:55:48.2 (278217131)|CODE_UNIT_STARTED|[EXTERNAL]|Workflow:Order
14:55:48.2 (278281104)|CODE_UNIT_FINISHED|Workflow:Order
14:55:48.2 (281965230)|DML_END|[25]
14:55:48.2 (305945616)|HEAP_DUMP|[26]|07n7Q0000008OQ2|testUpdateAccountCA|none|26
14:55:48.2 (305988102)|STATEMENT_EXECUTE|[26]
14:55:48.2 (308322747)|HEAP_ALLOCATE|[26]|Bytes:57
14:55:48.2 (308342087)|HEAP_ALLOCATE|[26]|Bytes:6
14:55:48.2 (308378358)|METHOD_ENTRY|[1]|01p7Q000001edKH|UpdateAccounts.UpdateAccounts()
14:55:48.2 (308432801)|STATEMENT_EXECUTE|[1]
14:55:48.2 (308464889)|STATEMENT_EXECUTE|[1]
14:55:48.2 (308515381)|METHOD_EXIT|[1]|UpdateAccounts
14:55:48.2 (308567491)|HEAP_ALLOCATE|[26]|Bytes:4
14:55:48.2 (308603176)|CONSTRUCTOR_ENTRY|[26]|01p7Q000001edKH|<init>()|UpdateAccounts
14:55:48.2 (308671750)|VARIABLE_SCOPE_BEGIN|[1]|this|UpdateAccounts|true|false
14:55:48.2 (308746638)|VARIABLE_ASSIGNMENT|[1]|this|{}|0x50e84ac9
14:55:48.2 (308760656)|HEAP_ALLOCATE|[EXTERNAL]|Bytes:6
14:55:48.2 (308797554)|STATEMENT_EXECUTE|[1]
14:55:48.2 (308807665)|CONSTRUCTOR_EXIT|[26]|01p7Q000001edKH|<init>()|UpdateAccounts
14:55:48.2 (308818276)|VARIABLE_SCOPE_BEGIN|[26]|newUpdateAccounts|UpdateAccounts|true|false
14:55:48.2 (308840287)|VARIABLE_ASSIGNMENT|[26]|newUpdateAccounts|{}|0x50e84ac9
14:55:48.2 (308850532)|STATEMENT_EXECUTE|[27]
14:55:48.2 (309016349)|EXCEPTION_THROWN|[27]|System.AssertException: Assertion Failed: Same value: null
14:55:48.2 (309231954)|HEAP_ALLOCATE|[27]|Bytes:38
14:55:48.2 (309357608)|FATAL_ERROR|System.AssertException: Assertion Failed: Same value: null

Class.testUpdateAccountCA.test: line 27, column 1
14:55:48.2 (309384070)|FATAL_ERROR|System.AssertException: Assertion Failed: Same value: null

Class.testUpdateAccountCA.test: line 27, column 1
14:55:48.309 (309398894)|CUMULATIVE_LIMIT_USAGE
14:55:48.309 (309398894)|LIMIT_USAGE_FOR_NS|(default)|
  Number of SOQL queries: 0 out of 100
  Number of query rows: 0 out of 50000
  Number of SOSL queries: 0 out of 20
  Number of DML statements: 6 out of 150
  Number of Publish Immediate DML: 0 out of 150
  Number of DML rows: 6 out of 10000
  Maximum CPU time: 0 out of 10000
  Maximum heap size: 0 out of 6000000
  Number of callouts: 0 out of 100
  Number of Email Invocations: 0 out of 10
  Number of future calls: 0 out of 50
  Number of queueable jobs added to the queue: 0 out of 50
  Number of Mobile Apex push calls: 0 out of 10

14:55:48.309 (309398894)|CUMULATIVE_LIMIT_USAGE_END

14:55:48.2 (309501237)|CODE_UNIT_FINISHED|testUpdateAccountCA.test()
14:55:48.2 (309508612)|EXECUTION_FINISHED
