52.0 APEX_CODE,FINEST;APEX_PROFILING,INFO;CALLOUT,INFO;DB,INFO;NBA,INFO;SYSTEM,DEBUG;VALIDATION,INFO;VISUALFORCE,FINER;WAVE,INFO;WORKFLOW,INFO
15:06:15.2 (2504969)|USER_INFO|[EXTERNAL]|0057Q000000qWuA|marwa-majdoub@resourceful-koala-fluhag.com|(GMT+01:00) heure normale d’Europe centrale (Europe/Paris)|GMT+01:00
15:06:15.2 (2608663)|EXECUTION_STARTED
15:06:15.2 (2634548)|CODE_UNIT_STARTED|[EXTERNAL]|01p7Q000001edKJ|testUpdateAccountCA.test()
15:06:15.2 (4022559)|HEAP_ALLOCATE|[79]|Bytes:3
15:06:15.2 (4111629)|HEAP_ALLOCATE|[84]|Bytes:152
15:06:15.2 (4133306)|HEAP_ALLOCATE|[399]|Bytes:408
15:06:15.2 (4153087)|HEAP_ALLOCATE|[412]|Bytes:408
15:06:15.2 (4171552)|HEAP_ALLOCATE|[520]|Bytes:48
15:06:15.2 (4202880)|HEAP_ALLOCATE|[139]|Bytes:6
15:06:15.2 (4221913)|HEAP_ALLOCATE|[EXTERNAL]|Bytes:49
15:06:15.2 (4240871)|METHOD_ENTRY|[2]|01p7Q000001edKJ|testUpdateAccountCA.testUpdateAccountCA()
15:06:15.2 (4258742)|STATEMENT_EXECUTE|[2]
15:06:15.2 (4269588)|STATEMENT_EXECUTE|[2]
15:06:15.2 (4275666)|METHOD_EXIT|[2]|testUpdateAccountCA
15:06:15.2 (4334527)|HEAP_ALLOCATE|[52]|Bytes:5
15:06:15.2 (4373676)|HEAP_ALLOCATE|[58]|Bytes:5
15:06:15.2 (4383684)|HEAP_ALLOCATE|[66]|Bytes:7
15:06:15.2 (4437819)|STATEMENT_EXECUTE|[3]
15:06:15.2 (4440122)|STATEMENT_EXECUTE|[4]
15:06:15.2 (4514053)|HEAP_ALLOCATE|[4]|Bytes:4
15:06:15.2 (4607730)|HEAP_ALLOCATE|[4]|Bytes:14
15:06:15.2 (5773324)|VARIABLE_ASSIGNMENT|[4]|this.Name|"Test Account 1"|0x2af91f1a
15:06:15.2 (5826561)|VARIABLE_SCOPE_BEGIN|[4]|acc1|Account|true|false
15:06:15.2 (5871320)|VARIABLE_ASSIGNMENT|[4]|acc1|{"Name":"Test Account 1"}|0x2af91f1a
15:06:15.2 (5883763)|STATEMENT_EXECUTE|[5]
15:06:15.2 (5951811)|HEAP_ALLOCATE|[5]|Bytes:8
15:06:15.2 (5992134)|DML_BEGIN|[5]|Op:Insert|Type:Account|Rows:1
15:06:15.2 (6039327)|HEAP_ALLOCATE|[EXTERNAL]|Bytes:8
15:06:15.2 (52040089)|DML_END|[5]
15:06:15.2 (52080420)|STATEMENT_EXECUTE|[7]
15:06:15.2 (52158703)|HEAP_ALLOCATE|[7]|Bytes:4
15:06:15.2 (52283965)|HEAP_ALLOCATE|[7]|Bytes:24
15:06:15.2 (53198868)|VARIABLE_ASSIGNMENT|[7]|this.Name|"Chemise Verte longue (4 more) ..."|0x2269245d
15:06:15.2 (53231412)|HEAP_ALLOCATE|[7]|Bytes:7
15:06:15.2 (53258432)|VARIABLE_ASSIGNMENT|[7]|this.Family|"Chemise"|0x2269245d
15:06:15.2 (53300021)|VARIABLE_SCOPE_BEGIN|[7]|pd1|Product2|true|false
15:06:15.2 (53348475)|VARIABLE_ASSIGNMENT|[7]|pd1|{"Name":"Chemise Verte longue (4 more) ...","Family":"Chemise"}|0x2269245d
15:06:15.2 (53359750)|STATEMENT_EXECUTE|[8]
15:06:15.2 (53392331)|HEAP_ALLOCATE|[8]|Bytes:8
15:06:15.2 (53414443)|DML_BEGIN|[8]|Op:Insert|Type:Product2|Rows:1
15:06:15.2 (53456919)|HEAP_ALLOCATE|[EXTERNAL]|Bytes:8
15:06:15.2 (72257468)|DML_END|[8]
15:06:15.2 (72280125)|STATEMENT_EXECUTE|[11]
15:06:15.2 (72358178)|HEAP_ALLOCATE|[11]|Bytes:4
15:06:15.2 (72500025)|HEAP_ALLOCATE|[12]|Bytes:74
15:06:15.2 (72523832)|SYSTEM_METHOD_ENTRY|[1]|Test.Test()
15:06:15.2 (72529331)|STATEMENT_EXECUTE|[1]
15:06:15.2 (72539318)|SYSTEM_METHOD_EXIT|[1]|Test
15:06:15.2 (72599709)|METHOD_ENTRY|[12]||System.Test.getStandardPricebookId()
15:06:15.2 (74808891)|METHOD_EXIT|[12]||System.Test.getStandardPricebookId()
15:06:15.2 (75667122)|VARIABLE_ASSIGNMENT|[11]|this.Pricebook2Id|"01s7Q000001IpDUQA0"|0x65b08c4a
15:06:15.2 (75733935)|VARIABLE_ASSIGNMENT|[11]|this.Product2Id|"01t7Q000000h4FOQAY"|0x65b08c4a
15:06:15.2 (75779628)|HEAP_ALLOCATE|[11]|Bytes:28
15:06:15.2 (75808958)|VARIABLE_ASSIGNMENT|[11]|this.UnitPrice|1020|0x65b08c4a
15:06:15.2 (75832327)|VARIABLE_ASSIGNMENT|[11]|this.IsActive|true|0x65b08c4a
15:06:15.2 (75869182)|VARIABLE_SCOPE_BEGIN|[11]|pbe|PricebookEntry|true|false
15:06:15.2 (75903496)|VARIABLE_ASSIGNMENT|[11]|pbe|{"Pricebook2Id":"01s7Q000001IpDUQA0","Product2Id":"01t7Q000000h4FOQAY","UnitPrice":1020,"IsActive":true}|0x65b08c4a
15:06:15.2 (75922550)|STATEMENT_EXECUTE|[17]
15:06:15.2 (75948992)|HEAP_ALLOCATE|[17]|Bytes:8
15:06:15.2 (75969616)|DML_BEGIN|[17]|Op:Insert|Type:PricebookEntry|Rows:1
15:06:15.2 (76011592)|HEAP_ALLOCATE|[EXTERNAL]|Bytes:8
15:06:15.2 (94058454)|DML_END|[17]
15:06:15.2 (94079088)|STATEMENT_EXECUTE|[19]
15:06:15.2 (94138314)|HEAP_ALLOCATE|[19]|Bytes:4
15:06:15.2 (95363162)|VARIABLE_ASSIGNMENT|[19]|this.AccountId|"0017Q0000034JZaQAM"|0x9507990
15:06:15.2 (95491689)|HEAP_ALLOCATE|[19]|Bytes:4
15:06:15.2 (95569592)|VARIABLE_ASSIGNMENT|[19]|this.EffectiveDate|"2021-11-05T00:00:00.000Z"|0x9507990
15:06:15.2 (95579945)|HEAP_ALLOCATE|[19]|Bytes:5
15:06:15.2 (95602685)|VARIABLE_ASSIGNMENT|[19]|this.Status|"Draft"|0x9507990
15:06:15.2 (95655420)|VARIABLE_ASSIGNMENT|[19]|this.Pricebook2Id|"01s7Q000001IpDUQA0"|0x9507990
15:06:15.2 (95687542)|VARIABLE_SCOPE_BEGIN|[19]|o1|Order|true|false
15:06:15.2 (95722381)|VARIABLE_ASSIGNMENT|[19]|o1|{"AccountId":"0017Q0000034JZaQAM","EffectiveDate":"2021-11-05T00:00:00.000Z","Status":"Draft","Pricebook2Id":"01s7Q000001IpDUQA0"}|0x9507990
15:06:15.2 (95733579)|STATEMENT_EXECUTE|[20]
15:06:15.2 (95754763)|HEAP_ALLOCATE|[20]|Bytes:8
15:06:15.2 (95771256)|DML_BEGIN|[20]|Op:Insert|Type:Order|Rows:1
15:06:15.2 (95803718)|HEAP_ALLOCATE|[EXTERNAL]|Bytes:8
15:06:15.2 (119028726)|DML_END|[20]
15:06:15.2 (119049957)|STATEMENT_EXECUTE|[22]
15:06:15.2 (119116235)|HEAP_ALLOCATE|[22]|Bytes:4
15:06:15.2 (120803480)|VARIABLE_ASSIGNMENT|[22]|this.OrderId|"8017Q000000bmEtQAI"|0x4ff241fc
15:06:15.2 (120873550)|VARIABLE_ASSIGNMENT|[22]|this.PricebookEntryId|"01u7Q0000010coAQAQ"|0x4ff241fc
15:06:15.2 (120946610)|HEAP_ALLOCATE|[22]|Bytes:28
15:06:15.2 (120979463)|HEAP_ALLOCATE|[22]|Bytes:28
15:06:15.2 (121066818)|VARIABLE_ASSIGNMENT|[22]|this.Quantity|10|0x4ff241fc
15:06:15.2 (121114728)|HEAP_ALLOCATE|[22]|Bytes:28
15:06:15.2 (121149685)|VARIABLE_ASSIGNMENT|[22]|this.UnitPrice|150|0x4ff241fc
15:06:15.2 (121186522)|VARIABLE_SCOPE_BEGIN|[22]|oi1|OrderItem|true|false
15:06:15.2 (121219614)|VARIABLE_ASSIGNMENT|[22]|oi1|{"OrderId":"8017Q000000bmEtQAI","PricebookEntryId":"01u7Q0000010coAQAQ","Quantity":10,"UnitPrice":150}|0x4ff241fc
15:06:15.2 (121231127)|STATEMENT_EXECUTE|[23]
15:06:15.2 (121255165)|HEAP_ALLOCATE|[23]|Bytes:8
15:06:15.2 (121273181)|DML_BEGIN|[23]|Op:Insert|Type:OrderItem|Rows:1
15:06:15.2 (121305667)|HEAP_ALLOCATE|[EXTERNAL]|Bytes:8
15:06:15.2 (163476879)|CODE_UNIT_STARTED|[EXTERNAL]|Workflow:Order
15:06:15.2 (164345469)|CODE_UNIT_FINISHED|Workflow:Order
15:06:15.2 (168692988)|DML_END|[23]
15:06:15.2 (168720300)|STATEMENT_EXECUTE|[24]
15:06:15.2 (168744528)|HEAP_ALLOCATE|[24]|Bytes:4
15:06:15.2 (168828112)|VARIABLE_ASSIGNMENT|[24]|this.OrderId|"8017Q000000bmEtQAI"|0x37980a0e
15:06:15.2 (168856930)|VARIABLE_ASSIGNMENT|[24]|this.PricebookEntryId|"01u7Q0000010coAQAQ"|0x37980a0e
15:06:15.2 (168884955)|HEAP_ALLOCATE|[24]|Bytes:28
15:06:15.2 (168908709)|VARIABLE_ASSIGNMENT|[24]|this.Quantity|20|0x37980a0e
15:06:15.2 (168929766)|HEAP_ALLOCATE|[24]|Bytes:28
15:06:15.2 (168949955)|VARIABLE_ASSIGNMENT|[24]|this.UnitPrice|1000|0x37980a0e
15:06:15.2 (168988510)|VARIABLE_SCOPE_BEGIN|[24]|oi2|OrderItem|true|false
15:06:15.2 (169019751)|VARIABLE_ASSIGNMENT|[24]|oi2|{"OrderId":"8017Q000000bmEtQAI","PricebookEntryId":"01u7Q0000010coAQAQ","Quantity":20,"UnitPrice":1000}|0x37980a0e
15:06:15.2 (169030177)|STATEMENT_EXECUTE|[25]
15:06:15.2 (169056037)|HEAP_ALLOCATE|[25]|Bytes:8
15:06:15.2 (169072521)|DML_BEGIN|[25]|Op:Insert|Type:OrderItem|Rows:1
15:06:15.2 (169112120)|HEAP_ALLOCATE|[EXTERNAL]|Bytes:8
15:06:15.2 (198897886)|CODE_UNIT_STARTED|[EXTERNAL]|Workflow:Order
15:06:15.2 (198967332)|CODE_UNIT_FINISHED|Workflow:Order
15:06:15.2 (203126397)|DML_END|[25]
15:06:15.2 (203152106)|STATEMENT_EXECUTE|[26]
15:06:15.2 (205284535)|HEAP_ALLOCATE|[26]|Bytes:57
15:06:15.2 (205306514)|HEAP_ALLOCATE|[26]|Bytes:6
15:06:15.2 (205336186)|METHOD_ENTRY|[1]|01p7Q000001edKH|UpdateAccounts.UpdateAccounts()
15:06:15.2 (205346427)|STATEMENT_EXECUTE|[1]
15:06:15.2 (205353769)|STATEMENT_EXECUTE|[1]
15:06:15.2 (205361229)|METHOD_EXIT|[1]|UpdateAccounts
15:06:15.2 (205379532)|HEAP_ALLOCATE|[26]|Bytes:4
15:06:15.2 (205411093)|CONSTRUCTOR_ENTRY|[26]|01p7Q000001edKH|<init>()|UpdateAccounts
15:06:15.2 (205479824)|VARIABLE_SCOPE_BEGIN|[1]|this|UpdateAccounts|true|false
15:06:15.2 (205561806)|VARIABLE_ASSIGNMENT|[1]|this|{}|0x153990bf
15:06:15.2 (205580591)|HEAP_ALLOCATE|[EXTERNAL]|Bytes:6
15:06:15.2 (205617243)|STATEMENT_EXECUTE|[1]
15:06:15.2 (205624069)|CONSTRUCTOR_EXIT|[26]|01p7Q000001edKH|<init>()|UpdateAccounts
15:06:15.2 (205642047)|VARIABLE_SCOPE_BEGIN|[26]|newUpdateAccounts|UpdateAccounts|true|false
15:06:15.2 (205672414)|VARIABLE_ASSIGNMENT|[26]|newUpdateAccounts|{}|0x153990bf
15:06:15.2 (205682663)|STATEMENT_EXECUTE|[27]
15:06:15.2 (205854035)|EXCEPTION_THROWN|[27]|System.AssertException: Assertion Failed: Same value: null
15:06:15.2 (205995395)|HEAP_ALLOCATE|[27]|Bytes:38
15:06:15.2 (206132113)|FATAL_ERROR|System.AssertException: Assertion Failed: Same value: null

Class.testUpdateAccountCA.test: line 27, column 1
15:06:15.2 (206151586)|FATAL_ERROR|System.AssertException: Assertion Failed: Same value: null

Class.testUpdateAccountCA.test: line 27, column 1
15:06:15.206 (206181668)|CUMULATIVE_LIMIT_USAGE
15:06:15.206 (206181668)|LIMIT_USAGE_FOR_NS|(default)|
  Number of SOQL queries: 0 out of 100
  Number of query rows: 0 out of 50000
  Number of SOSL queries: 0 out of 20
  Number of DML statements: 6 out of 150
  Number of Publish Immediate DML: 0 out of 150
  Number of DML rows: 6 out of 10000
  Maximum CPU time: 0 out of 10000
  Maximum heap size: 0 out of 6000000
  Number of callouts: 0 out of 100
  Number of Email Invocations: 0 out of 10
  Number of future calls: 0 out of 50
  Number of queueable jobs added to the queue: 0 out of 50
  Number of Mobile Apex push calls: 0 out of 10

15:06:15.206 (206181668)|CUMULATIVE_LIMIT_USAGE_END

15:06:15.2 (206293077)|CODE_UNIT_FINISHED|testUpdateAccountCA.test()
15:06:15.2 (206300742)|EXECUTION_FINISHED
