52.0 APEX_CODE,FINEST;APEX_PROFILING,INFO;CALLOUT,INFO;DB,INFO;NBA,INFO;SYSTEM,DEBUG;VALIDATION,INFO;VISUALFORCE,FINER;WAVE,INFO;WORKFLOW,INFO
15:03:03.3 (3017390)|USER_INFO|[EXTERNAL]|0057Q000000qWuA|marwa-majdoub@resourceful-koala-fluhag.com|(GMT+01:00) heure normale d’Europe centrale (Europe/Paris)|GMT+01:00
15:03:03.3 (3171698)|EXECUTION_STARTED
15:03:03.3 (3192889)|CODE_UNIT_STARTED|[EXTERNAL]|01p7Q000001edKJ|testUpdateAccountCA.test()
15:03:03.3 (4943479)|HEAP_ALLOCATE|[79]|Bytes:3
15:03:03.3 (5112551)|HEAP_ALLOCATE|[84]|Bytes:152
15:03:03.3 (5142779)|HEAP_ALLOCATE|[399]|Bytes:408
15:03:03.3 (5163271)|HEAP_ALLOCATE|[412]|Bytes:408
15:03:03.3 (5179326)|HEAP_ALLOCATE|[520]|Bytes:48
15:03:03.3 (5217428)|HEAP_ALLOCATE|[139]|Bytes:6
15:03:03.3 (5237543)|HEAP_ALLOCATE|[EXTERNAL]|Bytes:49
15:03:03.3 (5326339)|METHOD_ENTRY|[2]|01p7Q000001edKJ|testUpdateAccountCA.testUpdateAccountCA()
15:03:03.3 (5361069)|STATEMENT_EXECUTE|[2]
15:03:03.3 (5377130)|STATEMENT_EXECUTE|[2]
15:03:03.3 (5396974)|METHOD_EXIT|[2]|testUpdateAccountCA
15:03:03.3 (5465820)|HEAP_ALLOCATE|[52]|Bytes:5
15:03:03.3 (5516704)|HEAP_ALLOCATE|[58]|Bytes:5
15:03:03.3 (5526623)|HEAP_ALLOCATE|[66]|Bytes:7
15:03:03.3 (5595885)|STATEMENT_EXECUTE|[3]
15:03:03.3 (5598901)|STATEMENT_EXECUTE|[4]
15:03:03.3 (5712963)|HEAP_ALLOCATE|[4]|Bytes:4
15:03:03.3 (5864853)|HEAP_ALLOCATE|[4]|Bytes:14
15:03:03.3 (7207345)|VARIABLE_ASSIGNMENT|[4]|this.Name|"Test Account 1"|0x4c5dc0bf
15:03:03.3 (7278732)|VARIABLE_SCOPE_BEGIN|[4]|acc1|Account|true|false
15:03:03.3 (7355539)|VARIABLE_ASSIGNMENT|[4]|acc1|{"Name":"Test Account 1"}|0x4c5dc0bf
15:03:03.3 (7371262)|STATEMENT_EXECUTE|[5]
15:03:03.3 (7443969)|HEAP_ALLOCATE|[5]|Bytes:8
15:03:03.3 (7481348)|DML_BEGIN|[5]|Op:Insert|Type:Account|Rows:1
15:03:03.3 (7540179)|HEAP_ALLOCATE|[EXTERNAL]|Bytes:8
15:03:03.3 (58513556)|DML_END|[5]
15:03:03.3 (58561874)|STATEMENT_EXECUTE|[7]
15:03:03.3 (58636655)|HEAP_ALLOCATE|[7]|Bytes:4
15:03:03.3 (58751482)|HEAP_ALLOCATE|[7]|Bytes:24
15:03:03.3 (59713670)|VARIABLE_ASSIGNMENT|[7]|this.Name|"Chemise Verte longue (4 more) ..."|0xcc7affc
15:03:03.3 (59734531)|HEAP_ALLOCATE|[7]|Bytes:7
15:03:03.3 (59763553)|VARIABLE_ASSIGNMENT|[7]|this.Family|"Chemise"|0xcc7affc
15:03:03.3 (59807483)|VARIABLE_SCOPE_BEGIN|[7]|pd1|Product2|true|false
15:03:03.3 (59846359)|VARIABLE_ASSIGNMENT|[7]|pd1|{"Name":"Chemise Verte longue (4 more) ...","Family":"Chemise"}|0xcc7affc
15:03:03.3 (59862389)|STATEMENT_EXECUTE|[8]
15:03:03.3 (59895672)|HEAP_ALLOCATE|[8]|Bytes:8
15:03:03.3 (59914838)|DML_BEGIN|[8]|Op:Insert|Type:Product2|Rows:1
15:03:03.3 (59958296)|HEAP_ALLOCATE|[EXTERNAL]|Bytes:8
15:03:03.3 (77769191)|DML_END|[8]
15:03:03.3 (77798189)|STATEMENT_EXECUTE|[11]
15:03:03.3 (77863213)|HEAP_ALLOCATE|[11]|Bytes:4
15:03:03.3 (78022101)|HEAP_ALLOCATE|[12]|Bytes:74
15:03:03.3 (78067812)|SYSTEM_METHOD_ENTRY|[1]|Test.Test()
15:03:03.3 (78077229)|STATEMENT_EXECUTE|[1]
15:03:03.3 (78091107)|SYSTEM_METHOD_EXIT|[1]|Test
15:03:03.3 (78155443)|METHOD_ENTRY|[12]||System.Test.getStandardPricebookId()
15:03:03.3 (81022487)|METHOD_EXIT|[12]||System.Test.getStandardPricebookId()
15:03:03.3 (81933901)|VARIABLE_ASSIGNMENT|[11]|this.Pricebook2Id|"01s7Q000001IpDUQA0"|0x560e4ec8
15:03:03.3 (82021313)|VARIABLE_ASSIGNMENT|[11]|this.Product2Id|"01t7Q000000h4FJQAY"|0x560e4ec8
15:03:03.3 (82091779)|HEAP_ALLOCATE|[11]|Bytes:28
15:03:03.3 (82126564)|VARIABLE_ASSIGNMENT|[11]|this.UnitPrice|1020|0x560e4ec8
15:03:03.3 (82154628)|VARIABLE_ASSIGNMENT|[11]|this.IsActive|true|0x560e4ec8
15:03:03.3 (82190576)|VARIABLE_SCOPE_BEGIN|[11]|pbe|PricebookEntry|true|false
15:03:03.3 (82236315)|VARIABLE_ASSIGNMENT|[11]|pbe|{"Pricebook2Id":"01s7Q000001IpDUQA0","Product2Id":"01t7Q000000h4FJQAY","UnitPrice":1020,"IsActive":true}|0x560e4ec8
15:03:03.3 (82252685)|STATEMENT_EXECUTE|[17]
15:03:03.3 (82281426)|HEAP_ALLOCATE|[17]|Bytes:8
15:03:03.3 (82299768)|DML_BEGIN|[17]|Op:Insert|Type:PricebookEntry|Rows:1
15:03:03.3 (82336284)|HEAP_ALLOCATE|[EXTERNAL]|Bytes:8
15:03:03.3 (101565406)|DML_END|[17]
15:03:03.3 (101613076)|STATEMENT_EXECUTE|[19]
15:03:03.3 (101678120)|HEAP_ALLOCATE|[19]|Bytes:4
15:03:03.3 (102889986)|VARIABLE_ASSIGNMENT|[19]|this.AccountId|"0017Q0000034JZLQA2"|0x362fc1b6
15:03:03.3 (103051979)|HEAP_ALLOCATE|[19]|Bytes:4
15:03:03.3 (103126097)|VARIABLE_ASSIGNMENT|[19]|this.EffectiveDate|"2021-11-05T00:00:00.000Z"|0x362fc1b6
15:03:03.3 (103138656)|HEAP_ALLOCATE|[19]|Bytes:5
15:03:03.3 (103162831)|VARIABLE_ASSIGNMENT|[19]|this.Status|"Draft"|0x362fc1b6
15:03:03.3 (103213272)|VARIABLE_ASSIGNMENT|[19]|this.Pricebook2Id|"01s7Q000001IpDUQA0"|0x362fc1b6
15:03:03.3 (103246958)|VARIABLE_SCOPE_BEGIN|[19]|o1|Order|true|false
15:03:03.3 (103288385)|VARIABLE_ASSIGNMENT|[19]|o1|{"AccountId":"0017Q0000034JZLQA2","EffectiveDate":"2021-11-05T00:00:00.000Z","Status":"Draft","Pricebook2Id":"01s7Q000001IpDUQA0"}|0x362fc1b6
15:03:03.3 (103305302)|STATEMENT_EXECUTE|[20]
15:03:03.3 (103328422)|HEAP_ALLOCATE|[20]|Bytes:8
15:03:03.3 (103346452)|DML_BEGIN|[20]|Op:Insert|Type:Order|Rows:1
15:03:03.3 (103382397)|HEAP_ALLOCATE|[EXTERNAL]|Bytes:8
15:03:03.3 (127244413)|DML_END|[20]
15:03:03.3 (127284808)|STATEMENT_EXECUTE|[22]
15:03:03.3 (127357514)|HEAP_ALLOCATE|[22]|Bytes:4
15:03:03.3 (128698567)|VARIABLE_ASSIGNMENT|[22]|this.OrderId|"8017Q000000bmEoQAI"|0x6fd96ef1
15:03:03.3 (128793294)|VARIABLE_ASSIGNMENT|[22]|this.PricebookEntryId|"01u7Q0000010co5QAA"|0x6fd96ef1
15:03:03.3 (128857300)|HEAP_ALLOCATE|[22]|Bytes:28
15:03:03.3 (128866590)|HEAP_ALLOCATE|[22]|Bytes:28
15:03:03.3 (128909831)|VARIABLE_ASSIGNMENT|[22]|this.Quantity|10|0x6fd96ef1
15:03:03.3 (128926807)|HEAP_ALLOCATE|[22]|Bytes:28
15:03:03.3 (128986532)|VARIABLE_ASSIGNMENT|[22]|this.UnitPrice|150|0x6fd96ef1
15:03:03.3 (129056227)|VARIABLE_SCOPE_BEGIN|[22]|oi1|OrderItem|true|false
15:03:03.3 (129105526)|VARIABLE_ASSIGNMENT|[22]|oi1|{"OrderId":"8017Q000000bmEoQAI","PricebookEntryId":"01u7Q0000010co5QAA","Quantity":10,"UnitPrice":150}|0x6fd96ef1
15:03:03.3 (129123160)|STATEMENT_EXECUTE|[23]
15:03:03.3 (129154958)|HEAP_ALLOCATE|[23]|Bytes:8
15:03:03.3 (129176641)|DML_BEGIN|[23]|Op:Insert|Type:OrderItem|Rows:1
15:03:03.3 (129231676)|HEAP_ALLOCATE|[EXTERNAL]|Bytes:8
15:03:03.3 (177782915)|CODE_UNIT_STARTED|[EXTERNAL]|Workflow:Order
15:03:03.3 (178578240)|CODE_UNIT_FINISHED|Workflow:Order
15:03:03.3 (182835166)|DML_END|[23]
15:03:03.3 (182871905)|STATEMENT_EXECUTE|[24]
15:03:03.3 (182896522)|HEAP_ALLOCATE|[24]|Bytes:4
15:03:03.3 (182981895)|VARIABLE_ASSIGNMENT|[24]|this.OrderId|"8017Q000000bmEoQAI"|0x29fcaaaf
15:03:03.3 (183012586)|VARIABLE_ASSIGNMENT|[24]|this.PricebookEntryId|"01u7Q0000010co5QAA"|0x29fcaaaf
15:03:03.3 (183064875)|HEAP_ALLOCATE|[24]|Bytes:28
15:03:03.3 (183090483)|VARIABLE_ASSIGNMENT|[24]|this.Quantity|20|0x29fcaaaf
15:03:03.3 (183102964)|HEAP_ALLOCATE|[24]|Bytes:28
15:03:03.3 (183122947)|VARIABLE_ASSIGNMENT|[24]|this.UnitPrice|1000|0x29fcaaaf
15:03:03.3 (183155561)|VARIABLE_SCOPE_BEGIN|[24]|oi2|OrderItem|true|false
15:03:03.3 (183192991)|VARIABLE_ASSIGNMENT|[24]|oi2|{"OrderId":"8017Q000000bmEoQAI","PricebookEntryId":"01u7Q0000010co5QAA","Quantity":20,"UnitPrice":1000}|0x29fcaaaf
15:03:03.3 (183206435)|STATEMENT_EXECUTE|[25]
15:03:03.3 (183236267)|HEAP_ALLOCATE|[25]|Bytes:8
15:03:03.3 (183255079)|DML_BEGIN|[25]|Op:Insert|Type:OrderItem|Rows:1
15:03:03.3 (183294502)|HEAP_ALLOCATE|[EXTERNAL]|Bytes:8
15:03:03.3 (213846248)|CODE_UNIT_STARTED|[EXTERNAL]|Workflow:Order
15:03:03.3 (213892113)|CODE_UNIT_FINISHED|Workflow:Order
15:03:03.3 (218001747)|DML_END|[25]
15:03:03.3 (262486008)|HEAP_DUMP|[26]|07n7Q0000008OQC|testUpdateAccountCA|none|26
15:03:03.3 (262535869)|STATEMENT_EXECUTE|[26]
15:03:03.3 (265072885)|HEAP_ALLOCATE|[26]|Bytes:57
15:03:03.3 (265093638)|HEAP_ALLOCATE|[26]|Bytes:6
15:03:03.3 (265128943)|METHOD_ENTRY|[1]|01p7Q000001edKH|UpdateAccounts.UpdateAccounts()
15:03:03.3 (265147268)|STATEMENT_EXECUTE|[1]
15:03:03.3 (265157707)|STATEMENT_EXECUTE|[1]
15:03:03.3 (265166994)|METHOD_EXIT|[1]|UpdateAccounts
15:03:03.3 (265198763)|HEAP_ALLOCATE|[26]|Bytes:4
15:03:03.3 (265257040)|CONSTRUCTOR_ENTRY|[26]|01p7Q000001edKH|<init>()|UpdateAccounts
15:03:03.3 (265325062)|VARIABLE_SCOPE_BEGIN|[1]|this|UpdateAccounts|true|false
15:03:03.3 (265402046)|VARIABLE_ASSIGNMENT|[1]|this|{}|0x24826ae0
15:03:03.3 (265414417)|HEAP_ALLOCATE|[EXTERNAL]|Bytes:6
15:03:03.3 (265445354)|STATEMENT_EXECUTE|[1]
15:03:03.3 (265473459)|CONSTRUCTOR_EXIT|[26]|01p7Q000001edKH|<init>()|UpdateAccounts
15:03:03.3 (265488546)|VARIABLE_SCOPE_BEGIN|[26]|newUpdateAccounts|UpdateAccounts|true|false
15:03:03.3 (265507560)|VARIABLE_ASSIGNMENT|[26]|newUpdateAccounts|{}|0x24826ae0
15:03:03.3 (265514839)|STATEMENT_EXECUTE|[27]
15:03:03.3 (265652081)|EXCEPTION_THROWN|[27]|System.AssertException: Assertion Failed: Same value: null
15:03:03.3 (265766896)|HEAP_ALLOCATE|[27]|Bytes:38
15:03:03.3 (265892128)|FATAL_ERROR|System.AssertException: Assertion Failed: Same value: null

Class.testUpdateAccountCA.test: line 27, column 1
15:03:03.3 (265918745)|FATAL_ERROR|System.AssertException: Assertion Failed: Same value: null

Class.testUpdateAccountCA.test: line 27, column 1
15:03:03.265 (265937398)|CUMULATIVE_LIMIT_USAGE
15:03:03.265 (265937398)|LIMIT_USAGE_FOR_NS|(default)|
  Number of SOQL queries: 0 out of 100
  Number of query rows: 0 out of 50000
  Number of SOSL queries: 0 out of 20
  Number of DML statements: 6 out of 150
  Number of Publish Immediate DML: 0 out of 150
  Number of DML rows: 6 out of 10000
  Maximum CPU time: 0 out of 10000
  Maximum heap size: 0 out of 6000000
  Number of callouts: 0 out of 100
  Number of Email Invocations: 0 out of 10
  Number of future calls: 0 out of 50
  Number of queueable jobs added to the queue: 0 out of 50
  Number of Mobile Apex push calls: 0 out of 10

15:03:03.265 (265937398)|CUMULATIVE_LIMIT_USAGE_END

15:03:03.3 (266011791)|CODE_UNIT_FINISHED|testUpdateAccountCA.test()
15:03:03.3 (266043130)|EXECUTION_FINISHED
