52.0 APEX_CODE,FINEST;APEX_PROFILING,INFO;CALLOUT,INFO;DB,INFO;NBA,INFO;SYSTEM,DEBUG;VALIDATION,INFO;VISUALFORCE,FINER;WAVE,INFO;WORKFLOW,INFO
15:20:49.2 (2681967)|USER_INFO|[EXTERNAL]|0057Q000000qWuA|marwa-majdoub@resourceful-koala-fluhag.com|(GMT+01:00) heure normale d’Europe centrale (Europe/Paris)|GMT+01:00
15:20:49.2 (2783496)|EXECUTION_STARTED
15:20:49.2 (2799182)|CODE_UNIT_STARTED|[EXTERNAL]|01p7Q000001edKJ|testUpdateAccountCA.test()
15:20:49.2 (4533834)|HEAP_ALLOCATE|[79]|Bytes:3
15:20:49.2 (4636370)|HEAP_ALLOCATE|[84]|Bytes:152
15:20:49.2 (4657069)|HEAP_ALLOCATE|[399]|Bytes:408
15:20:49.2 (4676875)|HEAP_ALLOCATE|[412]|Bytes:408
15:20:49.2 (4694062)|HEAP_ALLOCATE|[520]|Bytes:48
15:20:49.2 (4724771)|HEAP_ALLOCATE|[139]|Bytes:6
15:20:49.2 (4743091)|HEAP_ALLOCATE|[EXTERNAL]|Bytes:52
15:20:49.2 (4791304)|METHOD_ENTRY|[2]|01p7Q000001edKJ|testUpdateAccountCA.testUpdateAccountCA()
15:20:49.2 (4813689)|STATEMENT_EXECUTE|[2]
15:20:49.2 (4829331)|STATEMENT_EXECUTE|[2]
15:20:49.2 (4841191)|METHOD_EXIT|[2]|testUpdateAccountCA
15:20:49.2 (4915172)|HEAP_ALLOCATE|[52]|Bytes:5
15:20:49.2 (4954222)|HEAP_ALLOCATE|[58]|Bytes:5
15:20:49.2 (4962254)|HEAP_ALLOCATE|[66]|Bytes:7
15:20:49.2 (5011299)|STATEMENT_EXECUTE|[3]
15:20:49.2 (5016890)|STATEMENT_EXECUTE|[4]
15:20:49.2 (5087779)|HEAP_ALLOCATE|[4]|Bytes:4
15:20:49.2 (5180024)|HEAP_ALLOCATE|[4]|Bytes:14
15:20:49.2 (6662605)|VARIABLE_ASSIGNMENT|[4]|this.Name|"Test Account 1"|0x50daae5
15:20:49.2 (6720465)|VARIABLE_SCOPE_BEGIN|[4]|acc1|Account|true|false
15:20:49.2 (6764996)|VARIABLE_ASSIGNMENT|[4]|acc1|{"Name":"Test Account 1"}|0x50daae5
15:20:49.2 (6778885)|STATEMENT_EXECUTE|[5]
15:20:49.2 (6826620)|HEAP_ALLOCATE|[5]|Bytes:8
15:20:49.2 (6870178)|DML_BEGIN|[5]|Op:Insert|Type:Account|Rows:1
15:20:49.2 (6949970)|HEAP_ALLOCATE|[EXTERNAL]|Bytes:8
15:20:49.2 (57617430)|DML_END|[5]
15:20:49.2 (57653642)|STATEMENT_EXECUTE|[7]
15:20:49.2 (57727552)|HEAP_ALLOCATE|[7]|Bytes:4
15:20:49.2 (57851055)|HEAP_ALLOCATE|[7]|Bytes:24
15:20:49.2 (58918991)|VARIABLE_ASSIGNMENT|[7]|this.Name|"Chemise Verte longue (4 more) ..."|0x68726304
15:20:49.2 (58940954)|HEAP_ALLOCATE|[7]|Bytes:7
15:20:49.2 (58969900)|VARIABLE_ASSIGNMENT|[7]|this.Family|"Chemise"|0x68726304
15:20:49.2 (59032207)|VARIABLE_SCOPE_BEGIN|[7]|pd1|Product2|true|false
15:20:49.2 (59063023)|VARIABLE_ASSIGNMENT|[7]|pd1|{"Name":"Chemise Verte longue (4 more) ...","Family":"Chemise"}|0x68726304
15:20:49.2 (59077044)|STATEMENT_EXECUTE|[8]
15:20:49.2 (59110136)|HEAP_ALLOCATE|[8]|Bytes:8
15:20:49.2 (59132276)|DML_BEGIN|[8]|Op:Insert|Type:Product2|Rows:1
15:20:49.2 (59188293)|HEAP_ALLOCATE|[EXTERNAL]|Bytes:8
15:20:49.2 (76677677)|DML_END|[8]
15:20:49.2 (76703461)|STATEMENT_EXECUTE|[11]
15:20:49.2 (76773734)|HEAP_ALLOCATE|[11]|Bytes:4
15:20:49.2 (76902097)|HEAP_ALLOCATE|[12]|Bytes:74
15:20:49.2 (76921951)|SYSTEM_METHOD_ENTRY|[1]|Test.Test()
15:20:49.2 (76929285)|STATEMENT_EXECUTE|[1]
15:20:49.2 (76937765)|SYSTEM_METHOD_EXIT|[1]|Test
15:20:49.2 (76966639)|METHOD_ENTRY|[12]||System.Test.getStandardPricebookId()
15:20:49.2 (78797769)|METHOD_EXIT|[12]||System.Test.getStandardPricebookId()
15:20:49.2 (79650923)|VARIABLE_ASSIGNMENT|[11]|this.Pricebook2Id|"01s7Q000001IpDUQA0"|0x3ea36064
15:20:49.2 (79715911)|VARIABLE_ASSIGNMENT|[11]|this.Product2Id|"01t7Q000000h4FiQAI"|0x3ea36064
15:20:49.2 (79755476)|HEAP_ALLOCATE|[11]|Bytes:28
15:20:49.2 (79781685)|VARIABLE_ASSIGNMENT|[11]|this.UnitPrice|1020|0x3ea36064
15:20:49.2 (79803283)|VARIABLE_ASSIGNMENT|[11]|this.IsActive|true|0x3ea36064
15:20:49.2 (79834848)|VARIABLE_SCOPE_BEGIN|[11]|pbe|PricebookEntry|true|false
15:20:49.2 (79865075)|VARIABLE_ASSIGNMENT|[11]|pbe|{"Pricebook2Id":"01s7Q000001IpDUQA0","Product2Id":"01t7Q000000h4FiQAI","UnitPrice":1020,"IsActive":true}|0x3ea36064
15:20:49.2 (79877743)|STATEMENT_EXECUTE|[17]
15:20:49.2 (79899142)|HEAP_ALLOCATE|[17]|Bytes:8
15:20:49.2 (79917181)|DML_BEGIN|[17]|Op:Insert|Type:PricebookEntry|Rows:1
15:20:49.2 (79951288)|HEAP_ALLOCATE|[EXTERNAL]|Bytes:8
15:20:49.2 (97952945)|DML_END|[17]
15:20:49.2 (97977440)|STATEMENT_EXECUTE|[19]
15:20:49.2 (98034453)|HEAP_ALLOCATE|[19]|Bytes:4
15:20:49.2 (99178858)|VARIABLE_ASSIGNMENT|[19]|this.AccountId|"0017Q0000034JaOQAU"|0x70e58756
15:20:49.2 (99293299)|HEAP_ALLOCATE|[19]|Bytes:4
15:20:49.2 (99370954)|VARIABLE_ASSIGNMENT|[19]|this.EffectiveDate|"2021-11-05T00:00:00.000Z"|0x70e58756
15:20:49.2 (99383612)|HEAP_ALLOCATE|[19]|Bytes:5
15:20:49.2 (99405518)|VARIABLE_ASSIGNMENT|[19]|this.Status|"Draft"|0x70e58756
15:20:49.2 (99460537)|VARIABLE_ASSIGNMENT|[19]|this.Pricebook2Id|"01s7Q000001IpDUQA0"|0x70e58756
15:20:49.2 (99491821)|VARIABLE_SCOPE_BEGIN|[19]|o1|Order|true|false
15:20:49.2 (99531422)|VARIABLE_ASSIGNMENT|[19]|o1|{"AccountId":"0017Q0000034JaOQAU","EffectiveDate":"2021-11-05T00:00:00.000Z","Status":"Draft","Pricebook2Id":"01s7Q000001IpDUQA0"}|0x70e58756
15:20:49.2 (99545083)|STATEMENT_EXECUTE|[20]
15:20:49.2 (99569672)|HEAP_ALLOCATE|[20]|Bytes:8
15:20:49.2 (99588928)|DML_BEGIN|[20]|Op:Insert|Type:Order|Rows:1
15:20:49.2 (99651617)|HEAP_ALLOCATE|[EXTERNAL]|Bytes:8
15:20:49.2 (125132564)|DML_END|[20]
15:20:49.2 (125172951)|STATEMENT_EXECUTE|[22]
15:20:49.2 (125253113)|HEAP_ALLOCATE|[22]|Bytes:4
15:20:49.2 (126529572)|VARIABLE_ASSIGNMENT|[22]|this.OrderId|"8017Q000000bmFDQAY"|0x7e0e9b5e
15:20:49.2 (126611682)|VARIABLE_ASSIGNMENT|[22]|this.PricebookEntryId|"01u7Q0000010coUQAQ"|0x7e0e9b5e
15:20:49.2 (126666930)|HEAP_ALLOCATE|[22]|Bytes:28
15:20:49.2 (126675053)|HEAP_ALLOCATE|[22]|Bytes:28
15:20:49.2 (126706560)|VARIABLE_ASSIGNMENT|[22]|this.Quantity|10|0x7e0e9b5e
15:20:49.2 (126727633)|HEAP_ALLOCATE|[22]|Bytes:28
15:20:49.2 (126749375)|VARIABLE_ASSIGNMENT|[22]|this.UnitPrice|150|0x7e0e9b5e
15:20:49.2 (126789611)|VARIABLE_SCOPE_BEGIN|[22]|oi1|OrderItem|true|false
15:20:49.2 (126832689)|VARIABLE_ASSIGNMENT|[22]|oi1|{"OrderId":"8017Q000000bmFDQAY","PricebookEntryId":"01u7Q0000010coUQAQ","Quantity":10,"UnitPrice":150}|0x7e0e9b5e
15:20:49.2 (126847633)|STATEMENT_EXECUTE|[23]
15:20:49.2 (126877077)|HEAP_ALLOCATE|[23]|Bytes:8
15:20:49.2 (126900809)|DML_BEGIN|[23]|Op:Insert|Type:OrderItem|Rows:1
15:20:49.2 (126948364)|HEAP_ALLOCATE|[EXTERNAL]|Bytes:8
15:20:49.2 (175167092)|CODE_UNIT_STARTED|[EXTERNAL]|Workflow:Order
15:20:49.2 (176153481)|CODE_UNIT_FINISHED|Workflow:Order
15:20:49.2 (181007410)|DML_END|[23]
15:20:49.2 (181043661)|STATEMENT_EXECUTE|[24]
15:20:49.2 (181076811)|HEAP_ALLOCATE|[24]|Bytes:4
15:20:49.2 (181171288)|VARIABLE_ASSIGNMENT|[24]|this.OrderId|"8017Q000000bmFDQAY"|0x2470b0cc
15:20:49.2 (181207827)|VARIABLE_ASSIGNMENT|[24]|this.PricebookEntryId|"01u7Q0000010coUQAQ"|0x2470b0cc
15:20:49.2 (181241435)|HEAP_ALLOCATE|[24]|Bytes:28
15:20:49.2 (181281739)|VARIABLE_ASSIGNMENT|[24]|this.Quantity|20|0x2470b0cc
15:20:49.2 (181296872)|HEAP_ALLOCATE|[24]|Bytes:28
15:20:49.2 (181319894)|VARIABLE_ASSIGNMENT|[24]|this.UnitPrice|1000|0x2470b0cc
15:20:49.2 (181360719)|VARIABLE_SCOPE_BEGIN|[24]|oi2|OrderItem|true|false
15:20:49.2 (181395461)|VARIABLE_ASSIGNMENT|[24]|oi2|{"OrderId":"8017Q000000bmFDQAY","PricebookEntryId":"01u7Q0000010coUQAQ","Quantity":20,"UnitPrice":1000}|0x2470b0cc
15:20:49.2 (181419069)|STATEMENT_EXECUTE|[25]
15:20:49.2 (181451131)|HEAP_ALLOCATE|[25]|Bytes:8
15:20:49.2 (181477304)|DML_BEGIN|[25]|Op:Insert|Type:OrderItem|Rows:1
15:20:49.2 (181519616)|HEAP_ALLOCATE|[EXTERNAL]|Bytes:8
15:20:49.2 (212964638)|CODE_UNIT_STARTED|[EXTERNAL]|Workflow:Order
15:20:49.2 (213008862)|CODE_UNIT_FINISHED|Workflow:Order
15:20:49.2 (218992093)|DML_END|[25]
15:20:49.2 (292079541)|HEAP_DUMP|[27]|07n7Q0000008OQH|testUpdateAccountCA|none|27
15:20:49.2 (292119837)|STATEMENT_EXECUTE|[27]
15:20:49.2 (292142417)|VARIABLE_SCOPE_BEGIN|[27]|accRev|Decimal|false|false
15:20:49.2 (292164585)|VARIABLE_ASSIGNMENT|[27]|accRev|null
15:20:49.2 (306584930)|HEAP_DUMP|[28]|07n7Q0000008OQI|testUpdateAccountCA|none|28
15:20:49.2 (306617560)|STATEMENT_EXECUTE|[28]
15:20:49.2 (306638511)|VARIABLE_SCOPE_BEGIN|[28]|newAmount|Decimal|false|false
15:20:49.2 (306663275)|VARIABLE_ASSIGNMENT|[28]|newAmount|null
15:20:49.2 (306676106)|STATEMENT_EXECUTE|[29]
15:20:49.306 (306850724)|CUMULATIVE_LIMIT_USAGE
15:20:49.306 (306850724)|LIMIT_USAGE_FOR_NS|(default)|
  Number of SOQL queries: 0 out of 100
  Number of query rows: 0 out of 50000
  Number of SOSL queries: 0 out of 20
  Number of DML statements: 6 out of 150
  Number of Publish Immediate DML: 0 out of 150
  Number of DML rows: 6 out of 10000
  Maximum CPU time: 0 out of 10000
  Maximum heap size: 0 out of 6000000
  Number of callouts: 0 out of 100
  Number of Email Invocations: 0 out of 10
  Number of future calls: 0 out of 50
  Number of queueable jobs added to the queue: 0 out of 50
  Number of Mobile Apex push calls: 0 out of 10

15:20:49.306 (306850724)|CUMULATIVE_LIMIT_USAGE_END

15:20:49.2 (306927915)|CODE_UNIT_FINISHED|testUpdateAccountCA.test()
15:20:49.2 (306957839)|EXECUTION_FINISHED
