52.0 APEX_CODE,FINEST;APEX_PROFILING,INFO;CALLOUT,INFO;DB,INFO;NBA,INFO;SYSTEM,DEBUG;VALIDATION,INFO;VISUALFORCE,FINER;WAVE,INFO;WORKFLOW,INFO
14:52:44.2 (2857647)|USER_INFO|[EXTERNAL]|0057Q000000qWuA|marwa-majdoub@resourceful-koala-fluhag.com|(GMT+01:00) heure normale d’Europe centrale (Europe/Paris)|GMT+01:00
14:52:44.2 (2989938)|EXECUTION_STARTED
14:52:44.2 (3016311)|CODE_UNIT_STARTED|[EXTERNAL]|01p7Q000001edKJ|testUpdateAccountCA.test()
14:52:44.2 (11681316)|HEAP_ALLOCATE|[79]|Bytes:3
14:52:44.2 (11797525)|HEAP_ALLOCATE|[84]|Bytes:152
14:52:44.2 (11816458)|HEAP_ALLOCATE|[399]|Bytes:408
14:52:44.2 (11834370)|HEAP_ALLOCATE|[412]|Bytes:408
14:52:44.2 (11849546)|HEAP_ALLOCATE|[520]|Bytes:48
14:52:44.2 (11908305)|HEAP_ALLOCATE|[139]|Bytes:6
14:52:44.2 (11924494)|HEAP_ALLOCATE|[EXTERNAL]|Bytes:49
14:52:44.2 (12021524)|METHOD_ENTRY|[2]|01p7Q000001edKJ|testUpdateAccountCA.testUpdateAccountCA()
14:52:44.2 (12055092)|STATEMENT_EXECUTE|[2]
14:52:44.2 (12067259)|STATEMENT_EXECUTE|[2]
14:52:44.2 (12098969)|METHOD_EXIT|[2]|testUpdateAccountCA
14:52:44.2 (12152496)|HEAP_ALLOCATE|[52]|Bytes:5
14:52:44.2 (12191877)|HEAP_ALLOCATE|[58]|Bytes:5
14:52:44.2 (12201166)|HEAP_ALLOCATE|[66]|Bytes:7
14:52:44.2 (12257242)|STATEMENT_EXECUTE|[3]
14:52:44.2 (12260454)|STATEMENT_EXECUTE|[4]
14:52:44.2 (12328014)|HEAP_ALLOCATE|[4]|Bytes:4
14:52:44.2 (12416957)|HEAP_ALLOCATE|[4]|Bytes:14
14:52:44.2 (13659065)|VARIABLE_ASSIGNMENT|[4]|this.Name|"Test Account 1"|0x1373c53
14:52:44.2 (13720996)|VARIABLE_SCOPE_BEGIN|[4]|acc1|Account|true|false
14:52:44.2 (13811043)|VARIABLE_ASSIGNMENT|[4]|acc1|{"Name":"Test Account 1"}|0x1373c53
14:52:44.2 (13829702)|STATEMENT_EXECUTE|[5]
14:52:44.2 (13873048)|HEAP_ALLOCATE|[5]|Bytes:8
14:52:44.2 (13902097)|DML_BEGIN|[5]|Op:Insert|Type:Account|Rows:1
14:52:44.2 (13953573)|HEAP_ALLOCATE|[EXTERNAL]|Bytes:8
14:52:44.2 (87037859)|DML_END|[5]
14:52:44.2 (87089972)|STATEMENT_EXECUTE|[7]
14:52:44.2 (87161034)|HEAP_ALLOCATE|[7]|Bytes:4
14:52:44.2 (87285463)|HEAP_ALLOCATE|[7]|Bytes:24
14:52:44.2 (88130523)|VARIABLE_ASSIGNMENT|[7]|this.Name|"Chemise Verte longue (4 more) ..."|0xe0e0a1c
14:52:44.2 (88153975)|HEAP_ALLOCATE|[7]|Bytes:7
14:52:44.2 (88181150)|VARIABLE_ASSIGNMENT|[7]|this.Family|"Chemise"|0xe0e0a1c
14:52:44.2 (88223231)|VARIABLE_SCOPE_BEGIN|[7]|pd1|Product2|true|false
14:52:44.2 (88258076)|VARIABLE_ASSIGNMENT|[7]|pd1|{"Name":"Chemise Verte longue (4 more) ...","Family":"Chemise"}|0xe0e0a1c
14:52:44.2 (88275823)|STATEMENT_EXECUTE|[8]
14:52:44.2 (88309469)|HEAP_ALLOCATE|[8]|Bytes:8
14:52:44.2 (88329737)|DML_BEGIN|[8]|Op:Insert|Type:Product2|Rows:1
14:52:44.2 (88383402)|HEAP_ALLOCATE|[EXTERNAL]|Bytes:8
14:52:44.2 (111658247)|DML_END|[8]
14:52:44.2 (111700374)|STATEMENT_EXECUTE|[11]
14:52:44.2 (111779407)|HEAP_ALLOCATE|[11]|Bytes:4
14:52:44.2 (111945230)|HEAP_ALLOCATE|[12]|Bytes:74
14:52:44.2 (111991245)|SYSTEM_METHOD_ENTRY|[1]|Test.Test()
14:52:44.2 (112002833)|STATEMENT_EXECUTE|[1]
14:52:44.2 (112014300)|SYSTEM_METHOD_EXIT|[1]|Test
14:52:44.2 (112093232)|METHOD_ENTRY|[12]||System.Test.getStandardPricebookId()
14:52:44.2 (114505915)|METHOD_EXIT|[12]||System.Test.getStandardPricebookId()
14:52:44.2 (115523960)|VARIABLE_ASSIGNMENT|[11]|this.Pricebook2Id|"01s7Q000001IpDUQA0"|0x50d62e31
14:52:44.2 (115603571)|VARIABLE_ASSIGNMENT|[11]|this.Product2Id|"01t7Q000000h4F4QAI"|0x50d62e31
14:52:44.2 (115659808)|HEAP_ALLOCATE|[11]|Bytes:28
14:52:44.2 (115688890)|VARIABLE_ASSIGNMENT|[11]|this.UnitPrice|1020|0x50d62e31
14:52:44.2 (115713798)|VARIABLE_ASSIGNMENT|[11]|this.IsActive|true|0x50d62e31
14:52:44.2 (115749230)|VARIABLE_SCOPE_BEGIN|[11]|pbe|PricebookEntry|true|false
14:52:44.2 (115785698)|VARIABLE_ASSIGNMENT|[11]|pbe|{"Pricebook2Id":"01s7Q000001IpDUQA0","Product2Id":"01t7Q000000h4F4QAI","UnitPrice":1020,"IsActive":true}|0x50d62e31
14:52:44.2 (115803665)|STATEMENT_EXECUTE|[17]
14:52:44.2 (115834554)|HEAP_ALLOCATE|[17]|Bytes:8
14:52:44.2 (115855508)|DML_BEGIN|[17]|Op:Insert|Type:PricebookEntry|Rows:1
14:52:44.2 (115896839)|HEAP_ALLOCATE|[EXTERNAL]|Bytes:8
14:52:44.2 (137962035)|DML_END|[17]
14:52:44.2 (137995503)|STATEMENT_EXECUTE|[19]
14:52:44.2 (138074642)|HEAP_ALLOCATE|[19]|Bytes:4
14:52:44.2 (139269624)|VARIABLE_ASSIGNMENT|[19]|this.AccountId|"0017Q0000034JYmQAM"|0x67071dbd
14:52:44.2 (139459467)|HEAP_ALLOCATE|[19]|Bytes:4
14:52:44.2 (139535029)|VARIABLE_ASSIGNMENT|[19]|this.EffectiveDate|"2021-11-05T00:00:00.000Z"|0x67071dbd
14:52:44.2 (139546876)|HEAP_ALLOCATE|[19]|Bytes:5
14:52:44.2 (139568292)|VARIABLE_ASSIGNMENT|[19]|this.Status|"Draft"|0x67071dbd
14:52:44.2 (139615267)|VARIABLE_ASSIGNMENT|[19]|this.Pricebook2Id|"01s7Q000001IpDUQA0"|0x67071dbd
14:52:44.2 (139651827)|VARIABLE_SCOPE_BEGIN|[19]|o1|Order|true|false
14:52:44.2 (139693427)|VARIABLE_ASSIGNMENT|[19]|o1|{"AccountId":"0017Q0000034JYmQAM","EffectiveDate":"2021-11-05T00:00:00.000Z","Status":"Draft","Pricebook2Id":"01s7Q000001IpDUQA0"}|0x67071dbd
14:52:44.2 (139709855)|STATEMENT_EXECUTE|[20]
14:52:44.2 (139731379)|HEAP_ALLOCATE|[20]|Bytes:8
14:52:44.2 (139773958)|DML_BEGIN|[20]|Op:Insert|Type:Order|Rows:1
14:52:44.2 (139816845)|HEAP_ALLOCATE|[EXTERNAL]|Bytes:8
14:52:44.2 (170243781)|DML_END|[20]
14:52:44.2 (170283273)|STATEMENT_EXECUTE|[22]
14:52:44.2 (170367271)|HEAP_ALLOCATE|[22]|Bytes:4
14:52:44.2 (171446680)|VARIABLE_ASSIGNMENT|[22]|this.OrderId|"8017Q000000bmEZQAY"|0x3dccb26e
14:52:44.2 (171503110)|VARIABLE_ASSIGNMENT|[22]|this.PricebookEntryId|"01u7Q0000010cnqQAA"|0x3dccb26e
14:52:44.2 (171546449)|HEAP_ALLOCATE|[22]|Bytes:28
14:52:44.2 (171553855)|HEAP_ALLOCATE|[22]|Bytes:28
14:52:44.2 (171577608)|VARIABLE_ASSIGNMENT|[22]|this.Quantity|10|0x3dccb26e
14:52:44.2 (171606435)|HEAP_ALLOCATE|[22]|Bytes:28
14:52:44.2 (171623947)|VARIABLE_ASSIGNMENT|[22]|this.UnitPrice|150|0x3dccb26e
14:52:44.2 (171665787)|VARIABLE_SCOPE_BEGIN|[22]|oi1|OrderItem|true|false
14:52:44.2 (171704268)|VARIABLE_ASSIGNMENT|[22]|oi1|{"OrderId":"8017Q000000bmEZQAY","PricebookEntryId":"01u7Q0000010cnqQAA","Quantity":10,"UnitPrice":150}|0x3dccb26e
14:52:44.2 (171720703)|STATEMENT_EXECUTE|[23]
14:52:44.2 (171751652)|HEAP_ALLOCATE|[23]|Bytes:8
14:52:44.2 (171773745)|DML_BEGIN|[23]|Op:Insert|Type:OrderItem|Rows:1
14:52:44.2 (171819981)|HEAP_ALLOCATE|[EXTERNAL]|Bytes:8
14:52:44.2 (233320106)|CODE_UNIT_STARTED|[EXTERNAL]|Workflow:Order
14:52:44.2 (237646753)|CODE_UNIT_FINISHED|Workflow:Order
14:52:44.2 (245405100)|DML_END|[23]
14:52:44.2 (245462554)|STATEMENT_EXECUTE|[24]
14:52:44.2 (245494280)|HEAP_ALLOCATE|[24]|Bytes:4
14:52:44.2 (245592155)|VARIABLE_ASSIGNMENT|[24]|this.OrderId|"8017Q000000bmEZQAY"|0x459ee0f8
14:52:44.2 (245638562)|VARIABLE_ASSIGNMENT|[24]|this.PricebookEntryId|"01u7Q0000010cnqQAA"|0x459ee0f8
14:52:44.2 (245664970)|HEAP_ALLOCATE|[24]|Bytes:28
14:52:44.2 (245687667)|VARIABLE_ASSIGNMENT|[24]|this.Quantity|20|0x459ee0f8
14:52:44.2 (245699056)|HEAP_ALLOCATE|[24]|Bytes:28
14:52:44.2 (245716560)|VARIABLE_ASSIGNMENT|[24]|this.UnitPrice|1000|0x459ee0f8
14:52:44.2 (245756857)|VARIABLE_SCOPE_BEGIN|[24]|oi2|OrderItem|true|false
14:52:44.2 (245794741)|VARIABLE_ASSIGNMENT|[24]|oi2|{"OrderId":"8017Q000000bmEZQAY","PricebookEntryId":"01u7Q0000010cnqQAA","Quantity":20,"UnitPrice":1000}|0x459ee0f8
14:52:44.2 (245810197)|STATEMENT_EXECUTE|[25]
14:52:44.2 (245842178)|HEAP_ALLOCATE|[25]|Bytes:8
14:52:44.2 (245864597)|DML_BEGIN|[25]|Op:Insert|Type:OrderItem|Rows:1
14:52:44.2 (245914725)|HEAP_ALLOCATE|[EXTERNAL]|Bytes:8
14:52:44.2 (274595233)|CODE_UNIT_STARTED|[EXTERNAL]|Workflow:Order
14:52:44.2 (274652654)|CODE_UNIT_FINISHED|Workflow:Order
14:52:44.2 (278610064)|DML_END|[25]
14:52:44.2 (278650985)|STATEMENT_EXECUTE|[26]
14:52:44.2 (456295991)|HEAP_ALLOCATE|[26]|Bytes:57
14:52:44.2 (456331747)|HEAP_ALLOCATE|[26]|Bytes:6
14:52:44.2 (456379429)|METHOD_ENTRY|[1]|01p7Q000001edKH|UpdateAccounts.UpdateAccounts()
14:52:44.2 (456399512)|STATEMENT_EXECUTE|[1]
14:52:44.2 (456412203)|STATEMENT_EXECUTE|[1]
14:52:44.2 (456421351)|METHOD_EXIT|[1]|UpdateAccounts
14:52:44.2 (456451460)|HEAP_ALLOCATE|[26]|Bytes:4
14:52:44.2 (456561064)|CONSTRUCTOR_ENTRY|[26]|01p7Q000001edKH|<init>()|UpdateAccounts
14:52:44.2 (456642688)|VARIABLE_SCOPE_BEGIN|[1]|this|UpdateAccounts|true|false
14:52:44.2 (456736814)|VARIABLE_ASSIGNMENT|[1]|this|{}|0x153975fc
14:52:44.2 (456764326)|HEAP_ALLOCATE|[EXTERNAL]|Bytes:6
14:52:44.2 (456799596)|STATEMENT_EXECUTE|[1]
14:52:44.2 (456834258)|CONSTRUCTOR_EXIT|[26]|01p7Q000001edKH|<init>()|UpdateAccounts
14:52:44.2 (456848650)|VARIABLE_SCOPE_BEGIN|[26]|newUpdateAccounts|UpdateAccounts|true|false
14:52:44.2 (456870104)|VARIABLE_ASSIGNMENT|[26]|newUpdateAccounts|{}|0x153975fc
14:52:44.2 (472781497)|HEAP_DUMP|[27]|07n7Q0000008OPx|testUpdateAccountCA|none|27
14:52:44.2 (472807876)|STATEMENT_EXECUTE|[27]
14:52:44.2 (473089828)|EXCEPTION_THROWN|[27]|System.AssertException: Assertion Failed: Same value: null
14:52:44.2 (473243709)|HEAP_ALLOCATE|[27]|Bytes:38
14:52:44.2 (473453219)|FATAL_ERROR|System.AssertException: Assertion Failed: Same value: null

Class.testUpdateAccountCA.test: line 27, column 1
14:52:44.2 (473488698)|FATAL_ERROR|System.AssertException: Assertion Failed: Same value: null

Class.testUpdateAccountCA.test: line 27, column 1
14:52:44.473 (473523252)|CUMULATIVE_LIMIT_USAGE
14:52:44.473 (473523252)|LIMIT_USAGE_FOR_NS|(default)|
  Number of SOQL queries: 0 out of 100
  Number of query rows: 0 out of 50000
  Number of SOSL queries: 0 out of 20
  Number of DML statements: 6 out of 150
  Number of Publish Immediate DML: 0 out of 150
  Number of DML rows: 6 out of 10000
  Maximum CPU time: 0 out of 10000
  Maximum heap size: 0 out of 6000000
  Number of callouts: 0 out of 100
  Number of Email Invocations: 0 out of 10
  Number of future calls: 0 out of 50
  Number of queueable jobs added to the queue: 0 out of 50
  Number of Mobile Apex push calls: 0 out of 10

14:52:44.473 (473523252)|CUMULATIVE_LIMIT_USAGE_END

14:52:44.2 (473640880)|CODE_UNIT_FINISHED|testUpdateAccountCA.test()
14:52:44.2 (473665923)|EXECUTION_FINISHED
