52.0 APEX_CODE,FINEST;APEX_PROFILING,INFO;CALLOUT,INFO;DB,INFO;NBA,INFO;SYSTEM,DEBUG;VALIDATION,INFO;VISUALFORCE,FINER;WAVE,INFO;WORKFLOW,INFO
16:24:28.4 (4011100)|USER_INFO|[EXTERNAL]|0057Q000000qWuA|marwa-majdoub@resourceful-koala-fluhag.com|(GMT+01:00) heure normale d’Europe centrale (Europe/Paris)|GMT+01:00
16:24:28.4 (4169717)|EXECUTION_STARTED
16:24:28.4 (4194012)|CODE_UNIT_STARTED|[EXTERNAL]|01p7Q000001edKJ|testUpdateAccountCA.test()
16:24:28.4 (19086428)|HEAP_ALLOCATE|[79]|Bytes:3
16:24:28.4 (19195892)|HEAP_ALLOCATE|[84]|Bytes:152
16:24:28.4 (19220062)|HEAP_ALLOCATE|[399]|Bytes:408
16:24:28.4 (19239088)|HEAP_ALLOCATE|[412]|Bytes:408
16:24:28.4 (19255230)|HEAP_ALLOCATE|[520]|Bytes:48
16:24:28.4 (19303637)|HEAP_ALLOCATE|[139]|Bytes:6
16:24:28.4 (19320575)|HEAP_ALLOCATE|[EXTERNAL]|Bytes:55
16:24:28.4 (19397430)|METHOD_ENTRY|[2]|01p7Q000001edKJ|testUpdateAccountCA.testUpdateAccountCA()
16:24:28.4 (19413359)|STATEMENT_EXECUTE|[2]
16:24:28.4 (19450053)|STATEMENT_EXECUTE|[2]
16:24:28.4 (19458333)|METHOD_EXIT|[2]|testUpdateAccountCA
16:24:28.4 (19519062)|HEAP_ALLOCATE|[52]|Bytes:5
16:24:28.4 (19553459)|HEAP_ALLOCATE|[58]|Bytes:5
16:24:28.4 (19563150)|HEAP_ALLOCATE|[66]|Bytes:7
16:24:28.4 (19626322)|STATEMENT_EXECUTE|[3]
16:24:28.4 (19628793)|STATEMENT_EXECUTE|[4]
16:24:28.4 (19694600)|HEAP_ALLOCATE|[4]|Bytes:4
16:24:28.4 (19827300)|HEAP_ALLOCATE|[4]|Bytes:14
16:24:28.4 (20002260)|VARIABLE_ASSIGNMENT|[4]|this.Name|"Test Account 1"|0x5c5bc6da
16:24:28.4 (20046326)|VARIABLE_SCOPE_BEGIN|[4]|acc1|Account|true|false
16:24:28.4 (20101461)|VARIABLE_ASSIGNMENT|[4]|acc1|{"Name":"Test Account 1"}|0x5c5bc6da
16:24:28.4 (20110970)|STATEMENT_EXECUTE|[5]
16:24:28.4 (20187457)|HEAP_ALLOCATE|[5]|Bytes:8
16:24:28.4 (20258067)|DML_BEGIN|[5]|Op:Insert|Type:Account|Rows:1
16:24:28.4 (20327713)|HEAP_ALLOCATE|[EXTERNAL]|Bytes:8
16:24:28.4 (104142824)|DML_END|[5]
16:24:28.4 (104204726)|STATEMENT_EXECUTE|[7]
16:24:28.4 (104257969)|HEAP_ALLOCATE|[7]|Bytes:4
16:24:28.4 (104346638)|HEAP_ALLOCATE|[7]|Bytes:24
16:24:28.4 (104413648)|VARIABLE_ASSIGNMENT|[7]|this.Name|"Chemise Verte longue (4 more) ..."|0x778531dd
16:24:28.4 (104424754)|HEAP_ALLOCATE|[7]|Bytes:7
16:24:28.4 (104447104)|VARIABLE_ASSIGNMENT|[7]|this.Family|"Chemise"|0x778531dd
16:24:28.4 (104480109)|VARIABLE_SCOPE_BEGIN|[7]|pd1|Product2|true|false
16:24:28.4 (104513581)|VARIABLE_ASSIGNMENT|[7]|pd1|{"Name":"Chemise Verte longue (4 more) ...","Family":"Chemise"}|0x778531dd
16:24:28.4 (104523684)|STATEMENT_EXECUTE|[8]
16:24:28.4 (104554366)|HEAP_ALLOCATE|[8]|Bytes:8
16:24:28.4 (104573470)|DML_BEGIN|[8]|Op:Insert|Type:Product2|Rows:1
16:24:28.4 (104613847)|HEAP_ALLOCATE|[EXTERNAL]|Bytes:8
16:24:28.4 (131807945)|DML_END|[8]
16:24:28.4 (131837610)|STATEMENT_EXECUTE|[11]
16:24:28.4 (131894406)|HEAP_ALLOCATE|[11]|Bytes:4
16:24:28.4 (132016117)|HEAP_ALLOCATE|[12]|Bytes:74
16:24:28.4 (132045987)|SYSTEM_METHOD_ENTRY|[1]|Test.Test()
16:24:28.4 (132055058)|STATEMENT_EXECUTE|[1]
16:24:28.4 (132068094)|SYSTEM_METHOD_EXIT|[1]|Test
16:24:28.4 (132145361)|METHOD_ENTRY|[12]||System.Test.getStandardPricebookId()
16:24:28.4 (134370979)|METHOD_EXIT|[12]||System.Test.getStandardPricebookId()
16:24:28.4 (134480193)|VARIABLE_ASSIGNMENT|[11]|this.Pricebook2Id|"01s7Q000001IpDUQA0"|0x757a03e8
16:24:28.4 (134527492)|VARIABLE_ASSIGNMENT|[11]|this.Product2Id|"01t7Q000000h4iLQAQ"|0x757a03e8
16:24:28.4 (134564183)|HEAP_ALLOCATE|[11]|Bytes:28
16:24:28.4 (134597432)|VARIABLE_ASSIGNMENT|[11]|this.UnitPrice|1020|0x757a03e8
16:24:28.4 (134619076)|VARIABLE_ASSIGNMENT|[11]|this.IsActive|true|0x757a03e8
16:24:28.4 (134654596)|VARIABLE_SCOPE_BEGIN|[11]|pbe|PricebookEntry|true|false
16:24:28.4 (134689528)|VARIABLE_ASSIGNMENT|[11]|pbe|{"Pricebook2Id":"01s7Q000001IpDUQA0","Product2Id":"01t7Q000000h4iLQAQ","UnitPrice":1020,"IsActive":true}|0x757a03e8
16:24:28.4 (134699727)|STATEMENT_EXECUTE|[17]
16:24:28.4 (134723958)|HEAP_ALLOCATE|[17]|Bytes:8
16:24:28.4 (134740716)|DML_BEGIN|[17]|Op:Insert|Type:PricebookEntry|Rows:1
16:24:28.4 (134773898)|HEAP_ALLOCATE|[EXTERNAL]|Bytes:8
16:24:28.4 (156402977)|DML_END|[17]
16:24:28.4 (156428657)|STATEMENT_EXECUTE|[20]
16:24:28.4 (156469043)|HEAP_ALLOCATE|[20]|Bytes:4
16:24:28.4 (156640068)|VARIABLE_ASSIGNMENT|[20]|this.AccountId|"0017Q0000034NqdQAE"|0x367d1a2b
16:24:28.4 (156763600)|HEAP_ALLOCATE|[20]|Bytes:4
16:24:28.4 (156845463)|VARIABLE_ASSIGNMENT|[20]|this.EffectiveDate|"2021-11-09T00:00:00.000Z"|0x367d1a2b
16:24:28.4 (156857181)|HEAP_ALLOCATE|[20]|Bytes:5
16:24:28.4 (156879794)|VARIABLE_ASSIGNMENT|[20]|this.Status|"Draft"|0x367d1a2b
16:24:28.4 (156923385)|VARIABLE_ASSIGNMENT|[20]|this.Pricebook2Id|"01s7Q000001IpDUQA0"|0x367d1a2b
16:24:28.4 (156952026)|VARIABLE_SCOPE_BEGIN|[20]|o1|Order|true|false
16:24:28.4 (156990371)|VARIABLE_ASSIGNMENT|[20]|o1|{"AccountId":"0017Q0000034NqdQAE","EffectiveDate":"2021-11-09T00:00:00.000Z","Status":"Draft","Pricebook2Id":"01s7Q000001IpDUQA0"}|0x367d1a2b
16:24:28.4 (157000786)|STATEMENT_EXECUTE|[22]
16:24:28.4 (157023505)|HEAP_ALLOCATE|[22]|Bytes:8
16:24:28.4 (157038320)|DML_BEGIN|[22]|Op:Insert|Type:Order|Rows:1
16:24:28.4 (157076057)|HEAP_ALLOCATE|[EXTERNAL]|Bytes:8
16:24:28.4 (186542199)|DML_END|[22]
16:24:28.4 (186613673)|STATEMENT_EXECUTE|[24]
16:24:28.4 (186693633)|HEAP_ALLOCATE|[24]|Bytes:4
16:24:28.4 (186837601)|VARIABLE_ASSIGNMENT|[24]|this.OrderId|"8017Q000000bmLuQAI"|0x454c950e
16:24:28.4 (186881414)|VARIABLE_ASSIGNMENT|[24]|this.PricebookEntryId|"01u7Q0000010dC1QAI"|0x454c950e
16:24:28.4 (186918298)|HEAP_ALLOCATE|[24]|Bytes:28
16:24:28.4 (186923051)|HEAP_ALLOCATE|[24]|Bytes:28
16:24:28.4 (186948741)|VARIABLE_ASSIGNMENT|[24]|this.Quantity|10|0x454c950e
16:24:28.4 (186960072)|HEAP_ALLOCATE|[24]|Bytes:28
16:24:28.4 (186977818)|VARIABLE_ASSIGNMENT|[24]|this.UnitPrice|150|0x454c950e
16:24:28.4 (187005216)|VARIABLE_SCOPE_BEGIN|[24]|oi1|OrderItem|true|false
16:24:28.4 (187038519)|VARIABLE_ASSIGNMENT|[24]|oi1|{"OrderId":"8017Q000000bmLuQAI","PricebookEntryId":"01u7Q0000010dC1QAI","Quantity":10,"UnitPrice":150}|0x454c950e
16:24:28.4 (187047852)|STATEMENT_EXECUTE|[25]
16:24:28.4 (187073075)|HEAP_ALLOCATE|[25]|Bytes:8
16:24:28.4 (187090770)|DML_BEGIN|[25]|Op:Insert|Type:OrderItem|Rows:1
16:24:28.4 (187124504)|HEAP_ALLOCATE|[EXTERNAL]|Bytes:8
16:24:28.4 (243211397)|CODE_UNIT_STARTED|[EXTERNAL]|Workflow:Order
16:24:28.4 (247182734)|CODE_UNIT_FINISHED|Workflow:Order
16:24:28.4 (252044557)|DML_END|[25]
16:24:28.4 (252072644)|STATEMENT_EXECUTE|[26]
16:24:28.4 (252098238)|HEAP_ALLOCATE|[26]|Bytes:4
16:24:28.4 (252185112)|VARIABLE_ASSIGNMENT|[26]|this.OrderId|"8017Q000000bmLuQAI"|0x472cdd52
16:24:28.4 (252219337)|VARIABLE_ASSIGNMENT|[26]|this.PricebookEntryId|"01u7Q0000010dC1QAI"|0x472cdd52
16:24:28.4 (252244419)|HEAP_ALLOCATE|[26]|Bytes:28
16:24:28.4 (252270799)|VARIABLE_ASSIGNMENT|[26]|this.Quantity|20|0x472cdd52
16:24:28.4 (252283341)|HEAP_ALLOCATE|[26]|Bytes:28
16:24:28.4 (252303063)|VARIABLE_ASSIGNMENT|[26]|this.UnitPrice|1000|0x472cdd52
16:24:28.4 (252334650)|VARIABLE_SCOPE_BEGIN|[26]|oi2|OrderItem|true|false
16:24:28.4 (252368038)|VARIABLE_ASSIGNMENT|[26]|oi2|{"OrderId":"8017Q000000bmLuQAI","PricebookEntryId":"01u7Q0000010dC1QAI","Quantity":20,"UnitPrice":1000}|0x472cdd52
16:24:28.4 (252377028)|STATEMENT_EXECUTE|[27]
16:24:28.4 (252408910)|HEAP_ALLOCATE|[27]|Bytes:8
16:24:28.4 (252427111)|DML_BEGIN|[27]|Op:Insert|Type:OrderItem|Rows:1
16:24:28.4 (252469948)|HEAP_ALLOCATE|[EXTERNAL]|Bytes:8
16:24:28.4 (284137773)|CODE_UNIT_STARTED|[EXTERNAL]|Workflow:Order
16:24:28.4 (284235755)|CODE_UNIT_FINISHED|Workflow:Order
16:24:28.4 (289226467)|DML_END|[27]
16:24:28.4 (289252554)|STATEMENT_EXECUTE|[29]
16:24:28.4 (289266130)|HEAP_ALLOCATE|[29]|Bytes:9
16:24:28.4 (289359170)|VARIABLE_ASSIGNMENT|[29]|this.Status|"Activated"|0x367d1a2b
16:24:28.4 (289374224)|STATEMENT_EXECUTE|[42]
16:24:28.4 (289390973)|VARIABLE_SCOPE_BEGIN|[42]|accRev|Decimal|false|false
16:24:28.4 (289417013)|VARIABLE_ASSIGNMENT|[42]|accRev|null
16:24:28.4 (289427097)|STATEMENT_EXECUTE|[43]
16:24:28.4 (289435488)|VARIABLE_SCOPE_BEGIN|[43]|newAmount|Decimal|false|false
16:24:28.4 (289453192)|VARIABLE_ASSIGNMENT|[43]|newAmount|null
16:24:28.4 (289461813)|STATEMENT_EXECUTE|[45]
16:24:28.4 (290203628)|EXCEPTION_THROWN|[45]|System.AssertException: Assertion Failed: Expected: null, Actual: 21500
16:24:28.4 (290451060)|HEAP_ALLOCATE|[45]|Bytes:51
16:24:28.4 (290567541)|FATAL_ERROR|System.AssertException: Assertion Failed: Expected: null, Actual: 21500

Class.testUpdateAccountCA.test: line 45, column 1
16:24:28.4 (290585799)|FATAL_ERROR|System.AssertException: Assertion Failed: Expected: null, Actual: 21500

Class.testUpdateAccountCA.test: line 45, column 1
16:24:28.290 (290608993)|CUMULATIVE_LIMIT_USAGE
16:24:28.290 (290608993)|LIMIT_USAGE_FOR_NS|(default)|
  Number of SOQL queries: 0 out of 100
  Number of query rows: 0 out of 50000
  Number of SOSL queries: 0 out of 20
  Number of DML statements: 6 out of 150
  Number of Publish Immediate DML: 0 out of 150
  Number of DML rows: 6 out of 10000
  Maximum CPU time: 0 out of 10000
  Maximum heap size: 0 out of 6000000
  Number of callouts: 0 out of 100
  Number of Email Invocations: 0 out of 10
  Number of future calls: 0 out of 50
  Number of queueable jobs added to the queue: 0 out of 50
  Number of Mobile Apex push calls: 0 out of 10

16:24:28.290 (290608993)|CUMULATIVE_LIMIT_USAGE_END

16:24:28.4 (290706621)|CODE_UNIT_FINISHED|testUpdateAccountCA.test()
16:24:28.4 (290736910)|EXECUTION_FINISHED
