52.0 APEX_CODE,FINEST;APEX_PROFILING,INFO;CALLOUT,INFO;DB,INFO;NBA,INFO;SYSTEM,DEBUG;VALIDATION,INFO;VISUALFORCE,FINER;WAVE,INFO;WORKFLOW,INFO
15:00:06.2 (2637845)|USER_INFO|[EXTERNAL]|0057Q000000qWuA|marwa-majdoub@resourceful-koala-fluhag.com|(GMT+01:00) heure normale d’Europe centrale (Europe/Paris)|GMT+01:00
15:00:06.2 (2764249)|EXECUTION_STARTED
15:00:06.2 (2777953)|CODE_UNIT_STARTED|[EXTERNAL]|01p7Q000001edKJ|testUpdateAccountCA.test()
15:00:06.2 (4424522)|HEAP_ALLOCATE|[79]|Bytes:3
15:00:06.2 (4514987)|HEAP_ALLOCATE|[84]|Bytes:152
15:00:06.2 (4531899)|HEAP_ALLOCATE|[399]|Bytes:408
15:00:06.2 (4550825)|HEAP_ALLOCATE|[412]|Bytes:408
15:00:06.2 (4564658)|HEAP_ALLOCATE|[520]|Bytes:48
15:00:06.2 (4591312)|HEAP_ALLOCATE|[139]|Bytes:6
15:00:06.2 (4615321)|HEAP_ALLOCATE|[EXTERNAL]|Bytes:49
15:00:06.2 (4650004)|METHOD_ENTRY|[2]|01p7Q000001edKJ|testUpdateAccountCA.testUpdateAccountCA()
15:00:06.2 (4679775)|STATEMENT_EXECUTE|[2]
15:00:06.2 (4705074)|STATEMENT_EXECUTE|[2]
15:00:06.2 (4716354)|METHOD_EXIT|[2]|testUpdateAccountCA
15:00:06.2 (4777078)|HEAP_ALLOCATE|[52]|Bytes:5
15:00:06.2 (4827858)|HEAP_ALLOCATE|[58]|Bytes:5
15:00:06.2 (4837966)|HEAP_ALLOCATE|[66]|Bytes:7
15:00:06.2 (4891532)|STATEMENT_EXECUTE|[3]
15:00:06.2 (4894445)|STATEMENT_EXECUTE|[4]
15:00:06.2 (4970676)|HEAP_ALLOCATE|[4]|Bytes:4
15:00:06.2 (5070266)|HEAP_ALLOCATE|[4]|Bytes:14
15:00:06.2 (6318908)|VARIABLE_ASSIGNMENT|[4]|this.Name|"Test Account 1"|0x4abd87fe
15:00:06.2 (6377087)|VARIABLE_SCOPE_BEGIN|[4]|acc1|Account|true|false
15:00:06.2 (6431107)|VARIABLE_ASSIGNMENT|[4]|acc1|{"Name":"Test Account 1"}|0x4abd87fe
15:00:06.2 (6448278)|STATEMENT_EXECUTE|[5]
15:00:06.2 (6518666)|HEAP_ALLOCATE|[5]|Bytes:8
15:00:06.2 (6548478)|DML_BEGIN|[5]|Op:Insert|Type:Account|Rows:1
15:00:06.2 (6591880)|HEAP_ALLOCATE|[EXTERNAL]|Bytes:8
15:00:06.2 (58799969)|DML_END|[5]
15:00:06.2 (58843064)|STATEMENT_EXECUTE|[7]
15:00:06.2 (58908178)|HEAP_ALLOCATE|[7]|Bytes:4
15:00:06.2 (59007242)|HEAP_ALLOCATE|[7]|Bytes:24
15:00:06.2 (59922159)|VARIABLE_ASSIGNMENT|[7]|this.Name|"Chemise Verte longue (4 more) ..."|0x19310116
15:00:06.2 (59941843)|HEAP_ALLOCATE|[7]|Bytes:7
15:00:06.2 (59968443)|VARIABLE_ASSIGNMENT|[7]|this.Family|"Chemise"|0x19310116
15:00:06.2 (60013549)|VARIABLE_SCOPE_BEGIN|[7]|pd1|Product2|true|false
15:00:06.2 (60045276)|VARIABLE_ASSIGNMENT|[7]|pd1|{"Name":"Chemise Verte longue (4 more) ...","Family":"Chemise"}|0x19310116
15:00:06.2 (60062427)|STATEMENT_EXECUTE|[8]
15:00:06.2 (60095875)|HEAP_ALLOCATE|[8]|Bytes:8
15:00:06.2 (60118072)|DML_BEGIN|[8]|Op:Insert|Type:Product2|Rows:1
15:00:06.2 (60163629)|HEAP_ALLOCATE|[EXTERNAL]|Bytes:8
15:00:06.2 (76828159)|DML_END|[8]
15:00:06.2 (76857688)|STATEMENT_EXECUTE|[11]
15:00:06.2 (76925877)|HEAP_ALLOCATE|[11]|Bytes:4
15:00:06.2 (77103966)|HEAP_ALLOCATE|[12]|Bytes:74
15:00:06.2 (77145080)|SYSTEM_METHOD_ENTRY|[1]|Test.Test()
15:00:06.2 (77155188)|STATEMENT_EXECUTE|[1]
15:00:06.2 (77165446)|SYSTEM_METHOD_EXIT|[1]|Test
15:00:06.2 (77195841)|METHOD_ENTRY|[12]||System.Test.getStandardPricebookId()
15:00:06.2 (79227681)|METHOD_EXIT|[12]||System.Test.getStandardPricebookId()
15:00:06.2 (80178029)|VARIABLE_ASSIGNMENT|[11]|this.Pricebook2Id|"01s7Q000001IpDUQA0"|0x1fde1401
15:00:06.2 (80246821)|VARIABLE_ASSIGNMENT|[11]|this.Product2Id|"01t7Q000000h4FEQAY"|0x1fde1401
15:00:06.2 (80293231)|HEAP_ALLOCATE|[11]|Bytes:28
15:00:06.2 (80330249)|VARIABLE_ASSIGNMENT|[11]|this.UnitPrice|1020|0x1fde1401
15:00:06.2 (80355558)|VARIABLE_ASSIGNMENT|[11]|this.IsActive|true|0x1fde1401
15:00:06.2 (80387008)|VARIABLE_SCOPE_BEGIN|[11]|pbe|PricebookEntry|true|false
15:00:06.2 (80418914)|VARIABLE_ASSIGNMENT|[11]|pbe|{"Pricebook2Id":"01s7Q000001IpDUQA0","Product2Id":"01t7Q000000h4FEQAY","UnitPrice":1020,"IsActive":true}|0x1fde1401
15:00:06.2 (80435018)|STATEMENT_EXECUTE|[17]
15:00:06.2 (80460425)|HEAP_ALLOCATE|[17]|Bytes:8
15:00:06.2 (80477699)|DML_BEGIN|[17]|Op:Insert|Type:PricebookEntry|Rows:1
15:00:06.2 (80512564)|HEAP_ALLOCATE|[EXTERNAL]|Bytes:8
15:00:06.2 (101395429)|DML_END|[17]
15:00:06.2 (101424526)|STATEMENT_EXECUTE|[19]
15:00:06.2 (101520558)|HEAP_ALLOCATE|[19]|Bytes:4
15:00:06.2 (102841263)|VARIABLE_ASSIGNMENT|[19]|this.AccountId|"0017Q0000034JZBQA2"|0x40be4f22
15:00:06.2 (102963602)|HEAP_ALLOCATE|[19]|Bytes:4
15:00:06.2 (103030462)|VARIABLE_ASSIGNMENT|[19]|this.EffectiveDate|"2021-11-05T00:00:00.000Z"|0x40be4f22
15:00:06.2 (103042091)|HEAP_ALLOCATE|[19]|Bytes:5
15:00:06.2 (103081377)|VARIABLE_ASSIGNMENT|[19]|this.Status|"Draft"|0x40be4f22
15:00:06.2 (103129258)|VARIABLE_ASSIGNMENT|[19]|this.Pricebook2Id|"01s7Q000001IpDUQA0"|0x40be4f22
15:00:06.2 (103173947)|VARIABLE_SCOPE_BEGIN|[19]|o1|Order|true|false
15:00:06.2 (103207499)|VARIABLE_ASSIGNMENT|[19]|o1|{"AccountId":"0017Q0000034JZBQA2","EffectiveDate":"2021-11-05T00:00:00.000Z","Status":"Draft","Pricebook2Id":"01s7Q000001IpDUQA0"}|0x40be4f22
15:00:06.2 (103222699)|STATEMENT_EXECUTE|[20]
15:00:06.2 (103244153)|HEAP_ALLOCATE|[20]|Bytes:8
15:00:06.2 (103259529)|DML_BEGIN|[20]|Op:Insert|Type:Order|Rows:1
15:00:06.2 (103292607)|HEAP_ALLOCATE|[EXTERNAL]|Bytes:8
15:00:06.2 (132948205)|DML_END|[20]
15:00:06.2 (132980489)|STATEMENT_EXECUTE|[22]
15:00:06.2 (133064772)|HEAP_ALLOCATE|[22]|Bytes:4
15:00:06.2 (134373014)|VARIABLE_ASSIGNMENT|[22]|this.OrderId|"8017Q000000bmEjQAI"|0x2861ecd5
15:00:06.2 (134438012)|VARIABLE_ASSIGNMENT|[22]|this.PricebookEntryId|"01u7Q0000010co0QAA"|0x2861ecd5
15:00:06.2 (134482149)|HEAP_ALLOCATE|[22]|Bytes:28
15:00:06.2 (134489881)|HEAP_ALLOCATE|[22]|Bytes:28
15:00:06.2 (134516060)|VARIABLE_ASSIGNMENT|[22]|this.Quantity|10|0x2861ecd5
15:00:06.2 (134528921)|HEAP_ALLOCATE|[22]|Bytes:28
15:00:06.2 (134547859)|VARIABLE_ASSIGNMENT|[22]|this.UnitPrice|150|0x2861ecd5
15:00:06.2 (134581895)|VARIABLE_SCOPE_BEGIN|[22]|oi1|OrderItem|true|false
15:00:06.2 (134613624)|VARIABLE_ASSIGNMENT|[22]|oi1|{"OrderId":"8017Q000000bmEjQAI","PricebookEntryId":"01u7Q0000010co0QAA","Quantity":10,"UnitPrice":150}|0x2861ecd5
15:00:06.2 (134629014)|STATEMENT_EXECUTE|[23]
15:00:06.2 (134655993)|HEAP_ALLOCATE|[23]|Bytes:8
15:00:06.2 (134673080)|DML_BEGIN|[23]|Op:Insert|Type:OrderItem|Rows:1
15:00:06.2 (134709659)|HEAP_ALLOCATE|[EXTERNAL]|Bytes:8
15:00:06.2 (184727316)|CODE_UNIT_STARTED|[EXTERNAL]|Workflow:Order
15:00:06.2 (185641200)|CODE_UNIT_FINISHED|Workflow:Order
15:00:06.2 (190079905)|DML_END|[23]
15:00:06.2 (190118383)|STATEMENT_EXECUTE|[24]
15:00:06.2 (190146773)|HEAP_ALLOCATE|[24]|Bytes:4
15:00:06.2 (190250717)|VARIABLE_ASSIGNMENT|[24]|this.OrderId|"8017Q000000bmEjQAI"|0x30901c98
15:00:06.2 (190278685)|VARIABLE_ASSIGNMENT|[24]|this.PricebookEntryId|"01u7Q0000010co0QAA"|0x30901c98
15:00:06.2 (190305136)|HEAP_ALLOCATE|[24]|Bytes:28
15:00:06.2 (190327127)|VARIABLE_ASSIGNMENT|[24]|this.Quantity|20|0x30901c98
15:00:06.2 (190337803)|HEAP_ALLOCATE|[24]|Bytes:28
15:00:06.2 (190352671)|VARIABLE_ASSIGNMENT|[24]|this.UnitPrice|1000|0x30901c98
15:00:06.2 (190390611)|VARIABLE_SCOPE_BEGIN|[24]|oi2|OrderItem|true|false
15:00:06.2 (190422272)|VARIABLE_ASSIGNMENT|[24]|oi2|{"OrderId":"8017Q000000bmEjQAI","PricebookEntryId":"01u7Q0000010co0QAA","Quantity":20,"UnitPrice":1000}|0x30901c98
15:00:06.2 (190435205)|STATEMENT_EXECUTE|[25]
15:00:06.2 (190465501)|HEAP_ALLOCATE|[25]|Bytes:8
15:00:06.2 (190479786)|DML_BEGIN|[25]|Op:Insert|Type:OrderItem|Rows:1
15:00:06.2 (190528532)|HEAP_ALLOCATE|[EXTERNAL]|Bytes:8
15:00:06.2 (223587008)|CODE_UNIT_STARTED|[EXTERNAL]|Workflow:Order
15:00:06.2 (223630719)|CODE_UNIT_FINISHED|Workflow:Order
15:00:06.2 (227419009)|DML_END|[25]
15:00:06.2 (428137448)|HEAP_DUMP|[26]|07n7Q0000008OQ7|testUpdateAccountCA|none|26
15:00:06.2 (428177234)|STATEMENT_EXECUTE|[26]
15:00:06.2 (430566292)|HEAP_ALLOCATE|[26]|Bytes:57
15:00:06.2 (430599428)|HEAP_ALLOCATE|[26]|Bytes:6
15:00:06.2 (430648149)|METHOD_ENTRY|[1]|01p7Q000001edKH|UpdateAccounts.UpdateAccounts()
15:00:06.2 (430706894)|STATEMENT_EXECUTE|[1]
15:00:06.2 (430740049)|STATEMENT_EXECUTE|[1]
15:00:06.2 (430751001)|METHOD_EXIT|[1]|UpdateAccounts
15:00:06.2 (430782609)|HEAP_ALLOCATE|[26]|Bytes:4
15:00:06.2 (430816755)|CONSTRUCTOR_ENTRY|[26]|01p7Q000001edKH|<init>()|UpdateAccounts
15:00:06.2 (430882233)|VARIABLE_SCOPE_BEGIN|[1]|this|UpdateAccounts|true|false
15:00:06.2 (430955281)|VARIABLE_ASSIGNMENT|[1]|this|{}|0x45b52556
15:00:06.2 (430972200)|HEAP_ALLOCATE|[EXTERNAL]|Bytes:6
15:00:06.2 (431032573)|STATEMENT_EXECUTE|[1]
15:00:06.2 (431064587)|CONSTRUCTOR_EXIT|[26]|01p7Q000001edKH|<init>()|UpdateAccounts
15:00:06.2 (431075372)|VARIABLE_SCOPE_BEGIN|[26]|newUpdateAccounts|UpdateAccounts|true|false
15:00:06.2 (431106238)|VARIABLE_ASSIGNMENT|[26]|newUpdateAccounts|{}|0x45b52556
15:00:06.2 (431120211)|STATEMENT_EXECUTE|[27]
15:00:06.2 (431335984)|EXCEPTION_THROWN|[27]|System.AssertException: Assertion Failed: Same value: null
15:00:06.2 (431459556)|HEAP_ALLOCATE|[27]|Bytes:38
15:00:06.2 (431563842)|FATAL_ERROR|System.AssertException: Assertion Failed: Same value: null

Class.testUpdateAccountCA.test: line 27, column 1
15:00:06.2 (431598424)|FATAL_ERROR|System.AssertException: Assertion Failed: Same value: null

Class.testUpdateAccountCA.test: line 27, column 1
15:00:06.431 (431612007)|CUMULATIVE_LIMIT_USAGE
15:00:06.431 (431612007)|LIMIT_USAGE_FOR_NS|(default)|
  Number of SOQL queries: 0 out of 100
  Number of query rows: 0 out of 50000
  Number of SOSL queries: 0 out of 20
  Number of DML statements: 6 out of 150
  Number of Publish Immediate DML: 0 out of 150
  Number of DML rows: 6 out of 10000
  Maximum CPU time: 0 out of 10000
  Maximum heap size: 0 out of 6000000
  Number of callouts: 0 out of 100
  Number of Email Invocations: 0 out of 10
  Number of future calls: 0 out of 50
  Number of queueable jobs added to the queue: 0 out of 50
  Number of Mobile Apex push calls: 0 out of 10

15:00:06.431 (431612007)|CUMULATIVE_LIMIT_USAGE_END

15:00:06.2 (431674535)|CODE_UNIT_FINISHED|testUpdateAccountCA.test()
15:00:06.2 (431712208)|EXECUTION_FINISHED
