52.0 APEX_CODE,FINEST;APEX_PROFILING,INFO;CALLOUT,INFO;DB,INFO;NBA,INFO;SYSTEM,DEBUG;VALIDATION,INFO;VISUALFORCE,FINER;WAVE,INFO;WORKFLOW,INFO
15:43:10.2 (2510780)|USER_INFO|[EXTERNAL]|0057Q000000qWuA|marwa-majdoub@resourceful-koala-fluhag.com|(GMT+01:00) heure normale d’Europe centrale (Europe/Paris)|GMT+01:00
15:43:10.2 (2645810)|EXECUTION_STARTED
15:43:10.2 (2676128)|CODE_UNIT_STARTED|[EXTERNAL]|01p7Q000001edKJ|testUpdateAccountCA.test()
15:43:10.2 (4295957)|HEAP_ALLOCATE|[79]|Bytes:3
15:43:10.2 (4399853)|HEAP_ALLOCATE|[84]|Bytes:152
15:43:10.2 (4416605)|HEAP_ALLOCATE|[399]|Bytes:408
15:43:10.2 (4432205)|HEAP_ALLOCATE|[412]|Bytes:408
15:43:10.2 (4445584)|HEAP_ALLOCATE|[520]|Bytes:48
15:43:10.2 (4476419)|HEAP_ALLOCATE|[139]|Bytes:6
15:43:10.2 (4490370)|HEAP_ALLOCATE|[EXTERNAL]|Bytes:55
15:43:10.2 (4582938)|METHOD_ENTRY|[2]|01p7Q000001edKJ|testUpdateAccountCA.testUpdateAccountCA()
15:43:10.2 (4668334)|STATEMENT_EXECUTE|[2]
15:43:10.2 (4690297)|STATEMENT_EXECUTE|[2]
15:43:10.2 (4710666)|METHOD_EXIT|[2]|testUpdateAccountCA
15:43:10.2 (4767932)|HEAP_ALLOCATE|[52]|Bytes:5
15:43:10.2 (4795820)|HEAP_ALLOCATE|[58]|Bytes:5
15:43:10.2 (4804624)|HEAP_ALLOCATE|[66]|Bytes:7
15:43:10.2 (4852466)|STATEMENT_EXECUTE|[3]
15:43:10.2 (4854763)|STATEMENT_EXECUTE|[4]
15:43:10.2 (4941136)|HEAP_ALLOCATE|[4]|Bytes:4
15:43:10.2 (5025655)|HEAP_ALLOCATE|[4]|Bytes:14
15:43:10.2 (6272693)|VARIABLE_ASSIGNMENT|[4]|this.Name|"Test Account 1"|0x51713702
15:43:10.2 (6335477)|VARIABLE_SCOPE_BEGIN|[4]|acc1|Account|true|false
15:43:10.2 (6392276)|VARIABLE_ASSIGNMENT|[4]|acc1|{"Name":"Test Account 1"}|0x51713702
15:43:10.2 (6401467)|STATEMENT_EXECUTE|[5]
15:43:10.2 (6465876)|HEAP_ALLOCATE|[5]|Bytes:8
15:43:10.2 (6505815)|DML_BEGIN|[5]|Op:Insert|Type:Account|Rows:1
15:43:10.2 (6557011)|HEAP_ALLOCATE|[EXTERNAL]|Bytes:8
15:43:10.2 (59928563)|DML_END|[5]
15:43:10.2 (59984608)|STATEMENT_EXECUTE|[7]
15:43:10.2 (60066808)|HEAP_ALLOCATE|[7]|Bytes:4
15:43:10.2 (60175930)|HEAP_ALLOCATE|[7]|Bytes:24
15:43:10.2 (61200847)|VARIABLE_ASSIGNMENT|[7]|this.Name|"Chemise Verte longue (4 more) ..."|0x2b529465
15:43:10.2 (61220776)|HEAP_ALLOCATE|[7]|Bytes:7
15:43:10.2 (61249542)|VARIABLE_ASSIGNMENT|[7]|this.Family|"Chemise"|0x2b529465
15:43:10.2 (61293416)|VARIABLE_SCOPE_BEGIN|[7]|pd1|Product2|true|false
15:43:10.2 (61326205)|VARIABLE_ASSIGNMENT|[7]|pd1|{"Name":"Chemise Verte longue (4 more) ...","Family":"Chemise"}|0x2b529465
15:43:10.2 (61338129)|STATEMENT_EXECUTE|[8]
15:43:10.2 (61372254)|HEAP_ALLOCATE|[8]|Bytes:8
15:43:10.2 (61394600)|DML_BEGIN|[8]|Op:Insert|Type:Product2|Rows:1
15:43:10.2 (61438340)|HEAP_ALLOCATE|[EXTERNAL]|Bytes:8
15:43:10.2 (128141367)|DML_END|[8]
15:43:10.2 (128181237)|STATEMENT_EXECUTE|[11]
15:43:10.2 (128277671)|HEAP_ALLOCATE|[11]|Bytes:4
15:43:10.2 (128454983)|HEAP_ALLOCATE|[12]|Bytes:74
15:43:10.2 (128488008)|SYSTEM_METHOD_ENTRY|[1]|Test.Test()
15:43:10.2 (128496716)|STATEMENT_EXECUTE|[1]
15:43:10.2 (128510235)|SYSTEM_METHOD_EXIT|[1]|Test
15:43:10.2 (128575710)|METHOD_ENTRY|[12]||System.Test.getStandardPricebookId()
15:43:10.2 (131166408)|METHOD_EXIT|[12]||System.Test.getStandardPricebookId()
15:43:10.2 (132167500)|VARIABLE_ASSIGNMENT|[11]|this.Pricebook2Id|"01s7Q000001IpDUQA0"|0x4f88a13
15:43:10.2 (132235369)|VARIABLE_ASSIGNMENT|[11]|this.Product2Id|"01t7Q000000h4G2QAI"|0x4f88a13
15:43:10.2 (132277841)|HEAP_ALLOCATE|[11]|Bytes:28
15:43:10.2 (132307391)|VARIABLE_ASSIGNMENT|[11]|this.UnitPrice|1020|0x4f88a13
15:43:10.2 (132329927)|VARIABLE_ASSIGNMENT|[11]|this.IsActive|true|0x4f88a13
15:43:10.2 (132367401)|VARIABLE_SCOPE_BEGIN|[11]|pbe|PricebookEntry|true|false
15:43:10.2 (132426016)|VARIABLE_ASSIGNMENT|[11]|pbe|{"Pricebook2Id":"01s7Q000001IpDUQA0","Product2Id":"01t7Q000000h4G2QAI","UnitPrice":1020,"IsActive":true}|0x4f88a13
15:43:10.2 (132441050)|STATEMENT_EXECUTE|[17]
15:43:10.2 (132471946)|HEAP_ALLOCATE|[17]|Bytes:8
15:43:10.2 (132495062)|DML_BEGIN|[17]|Op:Insert|Type:PricebookEntry|Rows:1
15:43:10.2 (132538976)|HEAP_ALLOCATE|[EXTERNAL]|Bytes:8
15:43:10.2 (150377129)|DML_END|[17]
15:43:10.2 (150413204)|STATEMENT_EXECUTE|[19]
15:43:10.2 (150494906)|HEAP_ALLOCATE|[19]|Bytes:4
15:43:10.2 (151704612)|VARIABLE_ASSIGNMENT|[19]|this.AccountId|"0017Q0000034JbqQAE"|0x211914b7
15:43:10.2 (151851822)|HEAP_ALLOCATE|[19]|Bytes:4
15:43:10.2 (151932549)|VARIABLE_ASSIGNMENT|[19]|this.EffectiveDate|"2021-11-05T00:00:00.000Z"|0x211914b7
15:43:10.2 (151943660)|HEAP_ALLOCATE|[19]|Bytes:5
15:43:10.2 (151992243)|VARIABLE_ASSIGNMENT|[19]|this.Status|"Draft"|0x211914b7
15:43:10.2 (152048330)|VARIABLE_ASSIGNMENT|[19]|this.Pricebook2Id|"01s7Q000001IpDUQA0"|0x211914b7
15:43:10.2 (152090587)|VARIABLE_SCOPE_BEGIN|[19]|o1|Order|true|false
15:43:10.2 (152139400)|VARIABLE_ASSIGNMENT|[19]|o1|{"AccountId":"0017Q0000034JbqQAE","EffectiveDate":"2021-11-05T00:00:00.000Z","Status":"Draft","Pricebook2Id":"01s7Q000001IpDUQA0"}|0x211914b7
15:43:10.2 (152150725)|STATEMENT_EXECUTE|[20]
15:43:10.2 (152177626)|HEAP_ALLOCATE|[20]|Bytes:8
15:43:10.2 (152196759)|DML_BEGIN|[20]|Op:Insert|Type:Order|Rows:1
15:43:10.2 (152239765)|HEAP_ALLOCATE|[EXTERNAL]|Bytes:8
15:43:10.2 (176750980)|DML_END|[20]
15:43:10.2 (176790593)|STATEMENT_EXECUTE|[22]
15:43:10.2 (176879902)|HEAP_ALLOCATE|[22]|Bytes:4
15:43:10.2 (178600018)|VARIABLE_ASSIGNMENT|[22]|this.OrderId|"8017Q000000bmFXQAY"|0x58149df6
15:43:10.2 (178665357)|VARIABLE_ASSIGNMENT|[22]|this.PricebookEntryId|"01u7Q0000010cooQAA"|0x58149df6
15:43:10.2 (178717658)|HEAP_ALLOCATE|[22]|Bytes:28
15:43:10.2 (178725963)|HEAP_ALLOCATE|[22]|Bytes:28
15:43:10.2 (178755023)|VARIABLE_ASSIGNMENT|[22]|this.Quantity|10|0x58149df6
15:43:10.2 (178767027)|HEAP_ALLOCATE|[22]|Bytes:28
15:43:10.2 (178787036)|VARIABLE_ASSIGNMENT|[22]|this.UnitPrice|150|0x58149df6
15:43:10.2 (178824455)|VARIABLE_SCOPE_BEGIN|[22]|oi1|OrderItem|true|false
15:43:10.2 (178856422)|VARIABLE_ASSIGNMENT|[22]|oi1|{"OrderId":"8017Q000000bmFXQAY","PricebookEntryId":"01u7Q0000010cooQAA","Quantity":10,"UnitPrice":150}|0x58149df6
15:43:10.2 (178868289)|STATEMENT_EXECUTE|[23]
15:43:10.2 (178902649)|HEAP_ALLOCATE|[23]|Bytes:8
15:43:10.2 (178935738)|DML_BEGIN|[23]|Op:Insert|Type:OrderItem|Rows:1
15:43:10.2 (178983543)|HEAP_ALLOCATE|[EXTERNAL]|Bytes:8
15:43:10.2 (222547029)|CODE_UNIT_STARTED|[EXTERNAL]|Workflow:Order
15:43:10.2 (223553978)|CODE_UNIT_FINISHED|Workflow:Order
15:43:10.2 (228246672)|DML_END|[23]
15:43:10.2 (228284282)|STATEMENT_EXECUTE|[24]
15:43:10.2 (228316037)|HEAP_ALLOCATE|[24]|Bytes:4
15:43:10.2 (228415108)|VARIABLE_ASSIGNMENT|[24]|this.OrderId|"8017Q000000bmFXQAY"|0x77ecb98c
15:43:10.2 (228444124)|VARIABLE_ASSIGNMENT|[24]|this.PricebookEntryId|"01u7Q0000010cooQAA"|0x77ecb98c
15:43:10.2 (228472475)|HEAP_ALLOCATE|[24]|Bytes:28
15:43:10.2 (228494101)|VARIABLE_ASSIGNMENT|[24]|this.Quantity|20|0x77ecb98c
15:43:10.2 (228505049)|HEAP_ALLOCATE|[24]|Bytes:28
15:43:10.2 (228522107)|VARIABLE_ASSIGNMENT|[24]|this.UnitPrice|1000|0x77ecb98c
15:43:10.2 (228560390)|VARIABLE_SCOPE_BEGIN|[24]|oi2|OrderItem|true|false
15:43:10.2 (228591016)|VARIABLE_ASSIGNMENT|[24]|oi2|{"OrderId":"8017Q000000bmFXQAY","PricebookEntryId":"01u7Q0000010cooQAA","Quantity":20,"UnitPrice":1000}|0x77ecb98c
15:43:10.2 (228600194)|STATEMENT_EXECUTE|[25]
15:43:10.2 (228632484)|HEAP_ALLOCATE|[25]|Bytes:8
15:43:10.2 (228668504)|DML_BEGIN|[25]|Op:Insert|Type:OrderItem|Rows:1
15:43:10.2 (228711551)|HEAP_ALLOCATE|[EXTERNAL]|Bytes:8
15:43:10.2 (259220901)|CODE_UNIT_STARTED|[EXTERNAL]|Workflow:Order
15:43:10.2 (259279406)|CODE_UNIT_FINISHED|Workflow:Order
15:43:10.2 (263748173)|DML_END|[25]
15:43:10.2 (263787271)|STATEMENT_EXECUTE|[27]
15:43:10.2 (263808754)|VARIABLE_SCOPE_BEGIN|[27]|accRev|Decimal|false|false
15:43:10.2 (263836960)|VARIABLE_ASSIGNMENT|[27]|accRev|null
15:43:10.2 (263844685)|STATEMENT_EXECUTE|[28]
15:43:10.2 (263850205)|VARIABLE_SCOPE_BEGIN|[28]|newAmount|Decimal|false|false
15:43:10.2 (263864463)|VARIABLE_ASSIGNMENT|[28]|newAmount|null
15:43:10.2 (287120334)|HEAP_DUMP|[29]|07n7Q0000008OQb|testUpdateAccountCA|none|29
15:43:10.2 (287197497)|STATEMENT_EXECUTE|[29]
15:43:10.2 (287536733)|EXCEPTION_THROWN|[29]|System.AssertException: Assertion Failed: Expected: null, Actual: 21500
15:43:10.2 (288416320)|HEAP_ALLOCATE|[29]|Bytes:51
15:43:10.2 (288620174)|FATAL_ERROR|System.AssertException: Assertion Failed: Expected: null, Actual: 21500

Class.testUpdateAccountCA.test: line 29, column 1
15:43:10.2 (288646166)|FATAL_ERROR|System.AssertException: Assertion Failed: Expected: null, Actual: 21500

Class.testUpdateAccountCA.test: line 29, column 1
15:43:10.288 (288681630)|CUMULATIVE_LIMIT_USAGE
15:43:10.288 (288681630)|LIMIT_USAGE_FOR_NS|(default)|
  Number of SOQL queries: 0 out of 100
  Number of query rows: 0 out of 50000
  Number of SOSL queries: 0 out of 20
  Number of DML statements: 6 out of 150
  Number of Publish Immediate DML: 0 out of 150
  Number of DML rows: 6 out of 10000
  Maximum CPU time: 0 out of 10000
  Maximum heap size: 0 out of 6000000
  Number of callouts: 0 out of 100
  Number of Email Invocations: 0 out of 10
  Number of future calls: 0 out of 50
  Number of queueable jobs added to the queue: 0 out of 50
  Number of Mobile Apex push calls: 0 out of 10

15:43:10.288 (288681630)|CUMULATIVE_LIMIT_USAGE_END

15:43:10.2 (288822313)|CODE_UNIT_FINISHED|testUpdateAccountCA.test()
15:43:10.2 (288835449)|EXECUTION_FINISHED
