52.0 APEX_CODE,FINEST;APEX_PROFILING,INFO;CALLOUT,INFO;DB,INFO;NBA,INFO;SYSTEM,DEBUG;VALIDATION,INFO;VISUALFORCE,FINER;WAVE,INFO;WORKFLOW,INFO
16:26:36.2 (2932510)|USER_INFO|[EXTERNAL]|0057Q000000qWuA|marwa-majdoub@resourceful-koala-fluhag.com|(GMT+01:00) heure normale d’Europe centrale (Europe/Paris)|GMT+01:00
16:26:36.2 (3033296)|EXECUTION_STARTED
16:26:36.2 (3047722)|CODE_UNIT_STARTED|[EXTERNAL]|01p7Q000001edKJ|testUpdateAccountCA.test()
16:26:36.2 (4499489)|HEAP_ALLOCATE|[79]|Bytes:3
16:26:36.2 (4623329)|HEAP_ALLOCATE|[84]|Bytes:152
16:26:36.2 (4655204)|HEAP_ALLOCATE|[399]|Bytes:408
16:26:36.2 (4676160)|HEAP_ALLOCATE|[412]|Bytes:408
16:26:36.2 (4692302)|HEAP_ALLOCATE|[520]|Bytes:48
16:26:36.2 (4732487)|HEAP_ALLOCATE|[139]|Bytes:6
16:26:36.2 (4751881)|HEAP_ALLOCATE|[EXTERNAL]|Bytes:55
16:26:36.2 (4778020)|METHOD_ENTRY|[2]|01p7Q000001edKJ|testUpdateAccountCA.testUpdateAccountCA()
16:26:36.2 (4805372)|STATEMENT_EXECUTE|[2]
16:26:36.2 (4818476)|STATEMENT_EXECUTE|[2]
16:26:36.2 (4827018)|METHOD_EXIT|[2]|testUpdateAccountCA
16:26:36.2 (4893107)|HEAP_ALLOCATE|[52]|Bytes:5
16:26:36.2 (4934209)|HEAP_ALLOCATE|[58]|Bytes:5
16:26:36.2 (4944687)|HEAP_ALLOCATE|[66]|Bytes:7
16:26:36.2 (5018099)|STATEMENT_EXECUTE|[3]
16:26:36.2 (5021654)|STATEMENT_EXECUTE|[4]
16:26:36.2 (5120629)|HEAP_ALLOCATE|[4]|Bytes:4
16:26:36.2 (5254700)|HEAP_ALLOCATE|[4]|Bytes:14
16:26:36.2 (6452227)|VARIABLE_ASSIGNMENT|[4]|this.Name|"Test Account 1"|0x38277782
16:26:36.2 (6509934)|VARIABLE_SCOPE_BEGIN|[4]|acc1|Account|true|false
16:26:36.2 (6563668)|VARIABLE_ASSIGNMENT|[4]|acc1|{"Name":"Test Account 1"}|0x38277782
16:26:36.2 (6581229)|STATEMENT_EXECUTE|[5]
16:26:36.2 (6679305)|HEAP_ALLOCATE|[5]|Bytes:8
16:26:36.2 (6712348)|DML_BEGIN|[5]|Op:Insert|Type:Account|Rows:1
16:26:36.2 (6778878)|HEAP_ALLOCATE|[EXTERNAL]|Bytes:8
16:26:36.2 (59970577)|DML_END|[5]
16:26:36.2 (60016184)|STATEMENT_EXECUTE|[7]
16:26:36.2 (60095412)|HEAP_ALLOCATE|[7]|Bytes:4
16:26:36.2 (60214114)|HEAP_ALLOCATE|[7]|Bytes:24
16:26:36.2 (61146006)|VARIABLE_ASSIGNMENT|[7]|this.Name|"Chemise Verte longue (4 more) ..."|0x313cf268
16:26:36.2 (61169391)|HEAP_ALLOCATE|[7]|Bytes:7
16:26:36.2 (61201520)|VARIABLE_ASSIGNMENT|[7]|this.Family|"Chemise"|0x313cf268
16:26:36.2 (61245453)|VARIABLE_SCOPE_BEGIN|[7]|pd1|Product2|true|false
16:26:36.2 (61277313)|VARIABLE_ASSIGNMENT|[7]|pd1|{"Name":"Chemise Verte longue (4 more) ...","Family":"Chemise"}|0x313cf268
16:26:36.2 (61292568)|STATEMENT_EXECUTE|[8]
16:26:36.2 (61332934)|HEAP_ALLOCATE|[8]|Bytes:8
16:26:36.2 (61352341)|DML_BEGIN|[8]|Op:Insert|Type:Product2|Rows:1
16:26:36.2 (61402445)|HEAP_ALLOCATE|[EXTERNAL]|Bytes:8
16:26:36.2 (80670374)|DML_END|[8]
16:26:36.2 (80720665)|STATEMENT_EXECUTE|[11]
16:26:36.2 (80835765)|HEAP_ALLOCATE|[11]|Bytes:4
16:26:36.2 (81036294)|HEAP_ALLOCATE|[12]|Bytes:74
16:26:36.2 (81061661)|SYSTEM_METHOD_ENTRY|[1]|Test.Test()
16:26:36.2 (81071881)|STATEMENT_EXECUTE|[1]
16:26:36.2 (81085615)|SYSTEM_METHOD_EXIT|[1]|Test
16:26:36.2 (81131187)|METHOD_ENTRY|[12]||System.Test.getStandardPricebookId()
16:26:36.2 (83695712)|METHOD_EXIT|[12]||System.Test.getStandardPricebookId()
16:26:36.2 (84704025)|VARIABLE_ASSIGNMENT|[11]|this.Pricebook2Id|"01s7Q000001IpDUQA0"|0x6bdd436f
16:26:36.2 (84791524)|VARIABLE_ASSIGNMENT|[11]|this.Product2Id|"01t7Q000000h4iQQAQ"|0x6bdd436f
16:26:36.2 (84853454)|HEAP_ALLOCATE|[11]|Bytes:28
16:26:36.2 (84894171)|VARIABLE_ASSIGNMENT|[11]|this.UnitPrice|1020|0x6bdd436f
16:26:36.2 (84918395)|VARIABLE_ASSIGNMENT|[11]|this.IsActive|true|0x6bdd436f
16:26:36.2 (84957369)|VARIABLE_SCOPE_BEGIN|[11]|pbe|PricebookEntry|true|false
16:26:36.2 (84992546)|VARIABLE_ASSIGNMENT|[11]|pbe|{"Pricebook2Id":"01s7Q000001IpDUQA0","Product2Id":"01t7Q000000h4iQQAQ","UnitPrice":1020,"IsActive":true}|0x6bdd436f
16:26:36.2 (85012166)|STATEMENT_EXECUTE|[17]
16:26:36.2 (85050147)|HEAP_ALLOCATE|[17]|Bytes:8
16:26:36.2 (85070004)|DML_BEGIN|[17]|Op:Insert|Type:PricebookEntry|Rows:1
16:26:36.2 (85111118)|HEAP_ALLOCATE|[EXTERNAL]|Bytes:8
16:26:36.2 (105894808)|DML_END|[17]
16:26:36.2 (105931077)|STATEMENT_EXECUTE|[20]
16:26:36.2 (106008319)|HEAP_ALLOCATE|[20]|Bytes:4
16:26:36.2 (107590518)|VARIABLE_ASSIGNMENT|[20]|this.AccountId|"0017Q0000034NqnQAE"|0x79884f7b
16:26:36.2 (107721559)|HEAP_ALLOCATE|[20]|Bytes:4
16:26:36.2 (107803902)|VARIABLE_ASSIGNMENT|[20]|this.EffectiveDate|"2021-11-09T00:00:00.000Z"|0x79884f7b
16:26:36.2 (107816559)|HEAP_ALLOCATE|[20]|Bytes:5
16:26:36.2 (107838608)|VARIABLE_ASSIGNMENT|[20]|this.Status|"Draft"|0x79884f7b
16:26:36.2 (107894576)|VARIABLE_ASSIGNMENT|[20]|this.Pricebook2Id|"01s7Q000001IpDUQA0"|0x79884f7b
16:26:36.2 (107940666)|VARIABLE_SCOPE_BEGIN|[20]|o1|Order|true|false
16:26:36.2 (107981458)|VARIABLE_ASSIGNMENT|[20]|o1|{"AccountId":"0017Q0000034NqnQAE","EffectiveDate":"2021-11-09T00:00:00.000Z","Status":"Draft","Pricebook2Id":"01s7Q000001IpDUQA0"}|0x79884f7b
16:26:36.2 (107997120)|STATEMENT_EXECUTE|[22]
16:26:36.2 (108029982)|HEAP_ALLOCATE|[22]|Bytes:8
16:26:36.2 (108051699)|DML_BEGIN|[22]|Op:Insert|Type:Order|Rows:1
16:26:36.2 (108106588)|HEAP_ALLOCATE|[EXTERNAL]|Bytes:8
16:26:36.2 (132005871)|DML_END|[22]
16:26:36.2 (132105046)|STATEMENT_EXECUTE|[24]
16:26:36.2 (132213386)|HEAP_ALLOCATE|[24]|Bytes:4
16:26:36.2 (133871330)|VARIABLE_ASSIGNMENT|[24]|this.OrderId|"8017Q000000bmLzQAI"|0x406fb527
16:26:36.2 (133990052)|VARIABLE_ASSIGNMENT|[24]|this.PricebookEntryId|"01u7Q0000010dC6QAI"|0x406fb527
16:26:36.2 (134108449)|HEAP_ALLOCATE|[24]|Bytes:28
16:26:36.2 (134121224)|HEAP_ALLOCATE|[24]|Bytes:28
16:26:36.2 (134177576)|VARIABLE_ASSIGNMENT|[24]|this.Quantity|10|0x406fb527
16:26:36.2 (134214803)|HEAP_ALLOCATE|[24]|Bytes:28
16:26:36.2 (134274667)|VARIABLE_ASSIGNMENT|[24]|this.UnitPrice|150|0x406fb527
16:26:36.2 (134374946)|VARIABLE_SCOPE_BEGIN|[24]|oi1|OrderItem|true|false
16:26:36.2 (134505309)|VARIABLE_ASSIGNMENT|[24]|oi1|{"OrderId":"8017Q000000bmLzQAI","PricebookEntryId":"01u7Q0000010dC6QAI","Quantity":10,"UnitPrice":150}|0x406fb527
16:26:36.2 (134543878)|STATEMENT_EXECUTE|[25]
16:26:36.2 (134642239)|HEAP_ALLOCATE|[25]|Bytes:8
16:26:36.2 (134700530)|DML_BEGIN|[25]|Op:Insert|Type:OrderItem|Rows:1
16:26:36.2 (134801545)|HEAP_ALLOCATE|[EXTERNAL]|Bytes:8
16:26:36.2 (181636272)|CODE_UNIT_STARTED|[EXTERNAL]|Workflow:Order
16:26:36.2 (182492179)|CODE_UNIT_FINISHED|Workflow:Order
16:26:36.2 (187022565)|DML_END|[25]
16:26:36.2 (187058707)|STATEMENT_EXECUTE|[26]
16:26:36.2 (187090700)|HEAP_ALLOCATE|[26]|Bytes:4
16:26:36.2 (187183689)|VARIABLE_ASSIGNMENT|[26]|this.OrderId|"8017Q000000bmLzQAI"|0x37207f23
16:26:36.2 (187212193)|VARIABLE_ASSIGNMENT|[26]|this.PricebookEntryId|"01u7Q0000010dC6QAI"|0x37207f23
16:26:36.2 (187247358)|HEAP_ALLOCATE|[26]|Bytes:28
16:26:36.2 (187271477)|VARIABLE_ASSIGNMENT|[26]|this.Quantity|20|0x37207f23
16:26:36.2 (187282502)|HEAP_ALLOCATE|[26]|Bytes:28
16:26:36.2 (187298826)|VARIABLE_ASSIGNMENT|[26]|this.UnitPrice|1000|0x37207f23
16:26:36.2 (187337255)|VARIABLE_SCOPE_BEGIN|[26]|oi2|OrderItem|true|false
16:26:36.2 (187369273)|VARIABLE_ASSIGNMENT|[26]|oi2|{"OrderId":"8017Q000000bmLzQAI","PricebookEntryId":"01u7Q0000010dC6QAI","Quantity":20,"UnitPrice":1000}|0x37207f23
16:26:36.2 (187387826)|STATEMENT_EXECUTE|[27]
16:26:36.2 (187421344)|HEAP_ALLOCATE|[27]|Bytes:8
16:26:36.2 (187437328)|DML_BEGIN|[27]|Op:Insert|Type:OrderItem|Rows:1
16:26:36.2 (187479630)|HEAP_ALLOCATE|[EXTERNAL]|Bytes:8
16:26:36.2 (217847541)|CODE_UNIT_STARTED|[EXTERNAL]|Workflow:Order
16:26:36.2 (217902279)|CODE_UNIT_FINISHED|Workflow:Order
16:26:36.2 (221740625)|DML_END|[27]
16:26:36.2 (221775469)|STATEMENT_EXECUTE|[29]
16:26:36.2 (221787451)|HEAP_ALLOCATE|[29]|Bytes:9
16:26:36.2 (221895238)|VARIABLE_ASSIGNMENT|[29]|this.Status|"Activated"|0x79884f7b
16:26:36.2 (221908777)|STATEMENT_EXECUTE|[42]
16:26:36.2 (221926834)|VARIABLE_SCOPE_BEGIN|[42]|accRev|Decimal|false|false
16:26:36.2 (221947411)|VARIABLE_ASSIGNMENT|[42]|accRev|null
16:26:36.2 (221954367)|STATEMENT_EXECUTE|[43]
16:26:36.2 (221959366)|VARIABLE_SCOPE_BEGIN|[43]|newAmount|Decimal|false|false
16:26:36.2 (221972321)|VARIABLE_ASSIGNMENT|[43]|newAmount|null
16:26:36.2 (221978649)|STATEMENT_EXECUTE|[45]
16:26:36.2 (222331881)|EXCEPTION_THROWN|[45]|System.AssertException: Assertion Failed: Expected: null, Actual: 21500
16:26:36.2 (222483935)|HEAP_ALLOCATE|[45]|Bytes:51
16:26:36.2 (222622738)|FATAL_ERROR|System.AssertException: Assertion Failed: Expected: null, Actual: 21500

Class.testUpdateAccountCA.test: line 45, column 1
16:26:36.2 (222644148)|FATAL_ERROR|System.AssertException: Assertion Failed: Expected: null, Actual: 21500

Class.testUpdateAccountCA.test: line 45, column 1
16:26:36.222 (222656729)|CUMULATIVE_LIMIT_USAGE
16:26:36.222 (222656729)|LIMIT_USAGE_FOR_NS|(default)|
  Number of SOQL queries: 0 out of 100
  Number of query rows: 0 out of 50000
  Number of SOSL queries: 0 out of 20
  Number of DML statements: 6 out of 150
  Number of Publish Immediate DML: 0 out of 150
  Number of DML rows: 6 out of 10000
  Maximum CPU time: 0 out of 10000
  Maximum heap size: 0 out of 6000000
  Number of callouts: 0 out of 100
  Number of Email Invocations: 0 out of 10
  Number of future calls: 0 out of 50
  Number of queueable jobs added to the queue: 0 out of 50
  Number of Mobile Apex push calls: 0 out of 10

16:26:36.222 (222656729)|CUMULATIVE_LIMIT_USAGE_END

16:26:36.2 (222730257)|CODE_UNIT_FINISHED|testUpdateAccountCA.test()
16:26:36.2 (222742235)|EXECUTION_FINISHED
