52.0 APEX_CODE,FINEST;APEX_PROFILING,INFO;CALLOUT,INFO;DB,INFO;NBA,INFO;SYSTEM,DEBUG;VALIDATION,INFO;VISUALFORCE,FINER;WAVE,INFO;WORKFLOW,INFO
14:37:54.3 (3731877)|USER_INFO|[EXTERNAL]|0057Q000000qWuA|marwa-majdoub@resourceful-koala-fluhag.com|(GMT+01:00) heure normale d’Europe centrale (Europe/Paris)|GMT+01:00
14:37:54.3 (3856574)|EXECUTION_STARTED
14:37:54.3 (3878930)|CODE_UNIT_STARTED|[EXTERNAL]|01p7Q000001edKJ|testUpdateAccountCA.test()
14:37:54.3 (5213597)|HEAP_ALLOCATE|[79]|Bytes:3
14:37:54.3 (5318653)|HEAP_ALLOCATE|[84]|Bytes:152
14:37:54.3 (5337721)|HEAP_ALLOCATE|[399]|Bytes:408
14:37:54.3 (5355615)|HEAP_ALLOCATE|[412]|Bytes:408
14:37:54.3 (5369229)|HEAP_ALLOCATE|[520]|Bytes:48
14:37:54.3 (5398545)|HEAP_ALLOCATE|[139]|Bytes:6
14:37:54.3 (5413181)|HEAP_ALLOCATE|[EXTERNAL]|Bytes:46
14:37:54.3 (5451009)|METHOD_ENTRY|[2]|01p7Q000001edKJ|testUpdateAccountCA.testUpdateAccountCA()
14:37:54.3 (5469959)|STATEMENT_EXECUTE|[2]
14:37:54.3 (5479216)|STATEMENT_EXECUTE|[2]
14:37:54.3 (5487069)|METHOD_EXIT|[2]|testUpdateAccountCA
14:37:54.3 (5546053)|HEAP_ALLOCATE|[52]|Bytes:5
14:37:54.3 (5580444)|HEAP_ALLOCATE|[58]|Bytes:5
14:37:54.3 (5589719)|HEAP_ALLOCATE|[66]|Bytes:7
14:37:54.3 (5658325)|STATEMENT_EXECUTE|[3]
14:37:54.3 (5660838)|STATEMENT_EXECUTE|[4]
14:37:54.3 (5731146)|HEAP_ALLOCATE|[4]|Bytes:4
14:37:54.3 (5819956)|HEAP_ALLOCATE|[4]|Bytes:14
14:37:54.3 (6964713)|VARIABLE_ASSIGNMENT|[4]|this.Name|"Test Account 1"|0x254d2cad
14:37:54.3 (7013861)|VARIABLE_SCOPE_BEGIN|[4]|acc1|Account|true|false
14:37:54.3 (7052023)|VARIABLE_ASSIGNMENT|[4]|acc1|{"Name":"Test Account 1"}|0x254d2cad
14:37:54.3 (7060576)|STATEMENT_EXECUTE|[5]
14:37:54.3 (7135050)|HEAP_ALLOCATE|[5]|Bytes:8
14:37:54.3 (7169317)|DML_BEGIN|[5]|Op:Insert|Type:Account|Rows:1
14:37:54.3 (7236445)|HEAP_ALLOCATE|[EXTERNAL]|Bytes:8
14:37:54.3 (65214504)|DML_END|[5]
14:37:54.3 (65262004)|STATEMENT_EXECUTE|[7]
14:37:54.3 (65332997)|HEAP_ALLOCATE|[7]|Bytes:4
14:37:54.3 (65439801)|HEAP_ALLOCATE|[7]|Bytes:24
14:37:54.3 (66269280)|VARIABLE_ASSIGNMENT|[7]|this.Name|"Chemise Verte longue (4 more) ..."|0x66151887
14:37:54.3 (66289794)|HEAP_ALLOCATE|[7]|Bytes:7
14:37:54.3 (66314139)|VARIABLE_ASSIGNMENT|[7]|this.Family|"Chemise"|0x66151887
14:37:54.3 (66353377)|VARIABLE_SCOPE_BEGIN|[7]|pd1|Product2|true|false
14:37:54.3 (66383663)|VARIABLE_ASSIGNMENT|[7]|pd1|{"Name":"Chemise Verte longue (4 more) ...","Family":"Chemise"}|0x66151887
14:37:54.3 (66394355)|STATEMENT_EXECUTE|[8]
14:37:54.3 (66424859)|HEAP_ALLOCATE|[8]|Bytes:8
14:37:54.3 (66441881)|DML_BEGIN|[8]|Op:Insert|Type:Product2|Rows:1
14:37:54.3 (66477872)|HEAP_ALLOCATE|[EXTERNAL]|Bytes:8
14:37:54.3 (90610324)|DML_END|[8]
14:37:54.3 (90642649)|STATEMENT_EXECUTE|[11]
14:37:54.3 (90706013)|HEAP_ALLOCATE|[11]|Bytes:4
14:37:54.3 (90833178)|HEAP_ALLOCATE|[12]|Bytes:74
14:37:54.3 (90872595)|SYSTEM_METHOD_ENTRY|[1]|Test.Test()
14:37:54.3 (90880483)|STATEMENT_EXECUTE|[1]
14:37:54.3 (90890227)|SYSTEM_METHOD_EXIT|[1]|Test
14:37:54.3 (90930107)|METHOD_ENTRY|[12]||System.Test.getStandardPricebookId()
14:37:54.3 (93939164)|METHOD_EXIT|[12]||System.Test.getStandardPricebookId()
14:37:54.3 (95036346)|VARIABLE_ASSIGNMENT|[11]|this.Pricebook2Id|"01s7Q000001IpDUQA0"|0x22b8a0c1
14:37:54.3 (95095317)|VARIABLE_ASSIGNMENT|[11]|this.Product2Id|"01t7Q000000h4EzQAI"|0x22b8a0c1
14:37:54.3 (95136836)|HEAP_ALLOCATE|[11]|Bytes:28
14:37:54.3 (95161052)|VARIABLE_ASSIGNMENT|[11]|this.UnitPrice|1020|0x22b8a0c1
14:37:54.3 (95180963)|VARIABLE_ASSIGNMENT|[11]|this.IsActive|true|0x22b8a0c1
14:37:54.3 (95211120)|VARIABLE_SCOPE_BEGIN|[11]|pbe|PricebookEntry|true|false
14:37:54.3 (95241303)|VARIABLE_ASSIGNMENT|[11]|pbe|{"Pricebook2Id":"01s7Q000001IpDUQA0","Product2Id":"01t7Q000000h4EzQAI","UnitPrice":1020,"IsActive":true}|0x22b8a0c1
14:37:54.3 (95251357)|STATEMENT_EXECUTE|[17]
14:37:54.3 (95273239)|HEAP_ALLOCATE|[17]|Bytes:8
14:37:54.3 (95290075)|DML_BEGIN|[17]|Op:Insert|Type:PricebookEntry|Rows:1
14:37:54.3 (95324502)|HEAP_ALLOCATE|[EXTERNAL]|Bytes:8
14:37:54.3 (119103918)|DML_END|[17]
14:37:54.3 (119125867)|STATEMENT_EXECUTE|[19]
14:37:54.3 (119182409)|HEAP_ALLOCATE|[19]|Bytes:4
14:37:54.3 (120540158)|VARIABLE_ASSIGNMENT|[19]|this.AccountId|"0017Q0000034JYSQA2"|0x712ea5d
14:37:54.3 (120671076)|HEAP_ALLOCATE|[19]|Bytes:4
14:37:54.3 (120743192)|VARIABLE_ASSIGNMENT|[19]|this.EffectiveDate|"2021-11-05T00:00:00.000Z"|0x712ea5d
14:37:54.3 (120753954)|HEAP_ALLOCATE|[19]|Bytes:5
14:37:54.3 (120774140)|VARIABLE_ASSIGNMENT|[19]|this.Status|"Draft"|0x712ea5d
14:37:54.3 (120816885)|VARIABLE_ASSIGNMENT|[19]|this.Pricebook2Id|"01s7Q000001IpDUQA0"|0x712ea5d
14:37:54.3 (120844618)|VARIABLE_SCOPE_BEGIN|[19]|o1|Order|true|false
14:37:54.3 (120877324)|VARIABLE_ASSIGNMENT|[19]|o1|{"AccountId":"0017Q0000034JYSQA2","EffectiveDate":"2021-11-05T00:00:00.000Z","Status":"Draft","Pricebook2Id":"01s7Q000001IpDUQA0"}|0x712ea5d
14:37:54.3 (120888088)|STATEMENT_EXECUTE|[20]
14:37:54.3 (120906797)|HEAP_ALLOCATE|[20]|Bytes:8
14:37:54.3 (120921592)|DML_BEGIN|[20]|Op:Insert|Type:Order|Rows:1
14:37:54.3 (120951535)|HEAP_ALLOCATE|[EXTERNAL]|Bytes:8
14:37:54.3 (153339655)|DML_END|[20]
14:37:54.3 (153362412)|STATEMENT_EXECUTE|[22]
14:37:54.3 (153425769)|HEAP_ALLOCATE|[22]|Bytes:4
14:37:54.3 (154764097)|VARIABLE_ASSIGNMENT|[22]|this.OrderId|"8017Q000000bmEUQAY"|0x11fcb187
14:37:54.3 (154815598)|VARIABLE_ASSIGNMENT|[22]|this.PricebookEntryId|"01u7Q0000010cnlQAA"|0x11fcb187
14:37:54.3 (154852651)|HEAP_ALLOCATE|[22]|Bytes:28
14:37:54.3 (154859676)|HEAP_ALLOCATE|[22]|Bytes:28
14:37:54.3 (154881467)|VARIABLE_ASSIGNMENT|[22]|this.Quantity|10|0x11fcb187
14:37:54.3 (154891788)|HEAP_ALLOCATE|[22]|Bytes:28
14:37:54.3 (154908062)|VARIABLE_ASSIGNMENT|[22]|this.UnitPrice|150|0x11fcb187
14:37:54.3 (154932387)|VARIABLE_SCOPE_BEGIN|[22]|oi1|OrderItem|true|false
14:37:54.3 (154959011)|VARIABLE_ASSIGNMENT|[22]|oi1|{"OrderId":"8017Q000000bmEUQAY","PricebookEntryId":"01u7Q0000010cnlQAA","Quantity":10,"UnitPrice":150}|0x11fcb187
14:37:54.3 (154968742)|STATEMENT_EXECUTE|[23]
14:37:54.3 (154989634)|HEAP_ALLOCATE|[23]|Bytes:8
14:37:54.3 (155004224)|DML_BEGIN|[23]|Op:Insert|Type:OrderItem|Rows:1
14:37:54.3 (155043829)|HEAP_ALLOCATE|[EXTERNAL]|Bytes:8
14:37:54.3 (202919188)|CODE_UNIT_STARTED|[EXTERNAL]|Workflow:Order
14:37:54.3 (203871948)|CODE_UNIT_FINISHED|Workflow:Order
14:37:54.3 (260995662)|DML_END|[23]
14:37:54.3 (261033044)|STATEMENT_EXECUTE|[24]
14:37:54.3 (261059854)|HEAP_ALLOCATE|[24]|Bytes:4
14:37:54.3 (261151754)|VARIABLE_ASSIGNMENT|[24]|this.OrderId|"8017Q000000bmEUQAY"|0x1edf33ce
14:37:54.3 (261196697)|VARIABLE_ASSIGNMENT|[24]|this.PricebookEntryId|"01u7Q0000010cnlQAA"|0x1edf33ce
14:37:54.3 (261233364)|HEAP_ALLOCATE|[24]|Bytes:28
14:37:54.3 (261268910)|VARIABLE_ASSIGNMENT|[24]|this.Quantity|20|0x1edf33ce
14:37:54.3 (261281860)|HEAP_ALLOCATE|[24]|Bytes:28
14:37:54.3 (261301528)|VARIABLE_ASSIGNMENT|[24]|this.UnitPrice|1000|0x1edf33ce
14:37:54.3 (261344200)|VARIABLE_SCOPE_BEGIN|[24]|oi2|OrderItem|true|false
14:37:54.3 (261381976)|VARIABLE_ASSIGNMENT|[24]|oi2|{"OrderId":"8017Q000000bmEUQAY","PricebookEntryId":"01u7Q0000010cnlQAA","Quantity":20,"UnitPrice":1000}|0x1edf33ce
14:37:54.3 (261392474)|STATEMENT_EXECUTE|[25]
14:37:54.3 (261423108)|HEAP_ALLOCATE|[25]|Bytes:8
14:37:54.3 (261442276)|DML_BEGIN|[25]|Op:Insert|Type:OrderItem|Rows:1
14:37:54.3 (261482987)|HEAP_ALLOCATE|[EXTERNAL]|Bytes:8
14:37:54.3 (294012692)|CODE_UNIT_STARTED|[EXTERNAL]|Workflow:Order
14:37:54.3 (294058517)|CODE_UNIT_FINISHED|Workflow:Order
14:37:54.3 (298214669)|DML_END|[25]
14:37:54.3 (516148077)|HEAP_DUMP|[27]|07n7Q0000008OPs|testUpdateAccountCA|none|27
14:37:54.3 (516205423)|STATEMENT_EXECUTE|[27]
14:37:54.3 (516441056)|EXCEPTION_THROWN|[27]|System.AssertException: Assertion Failed: Same value: null
14:37:54.3 (516764790)|HEAP_ALLOCATE|[27]|Bytes:38
14:37:54.3 (516896220)|FATAL_ERROR|System.AssertException: Assertion Failed: Same value: null

Class.testUpdateAccountCA.test: line 27, column 1
14:37:54.3 (516912507)|FATAL_ERROR|System.AssertException: Assertion Failed: Same value: null

Class.testUpdateAccountCA.test: line 27, column 1
14:37:54.516 (516939676)|CUMULATIVE_LIMIT_USAGE
14:37:54.516 (516939676)|LIMIT_USAGE_FOR_NS|(default)|
  Number of SOQL queries: 0 out of 100
  Number of query rows: 0 out of 50000
  Number of SOSL queries: 0 out of 20
  Number of DML statements: 6 out of 150
  Number of Publish Immediate DML: 0 out of 150
  Number of DML rows: 6 out of 10000
  Maximum CPU time: 0 out of 10000
  Maximum heap size: 0 out of 6000000
  Number of callouts: 0 out of 100
  Number of Email Invocations: 0 out of 10
  Number of future calls: 0 out of 50
  Number of queueable jobs added to the queue: 0 out of 50
  Number of Mobile Apex push calls: 0 out of 10

14:37:54.516 (516939676)|CUMULATIVE_LIMIT_USAGE_END

14:37:54.3 (517043494)|CODE_UNIT_FINISHED|testUpdateAccountCA.test()
14:37:54.3 (517052271)|EXECUTION_FINISHED
