52.0 APEX_CODE,FINEST;APEX_PROFILING,INFO;CALLOUT,INFO;DB,INFO;NBA,INFO;SYSTEM,DEBUG;VALIDATION,INFO;VISUALFORCE,FINER;WAVE,INFO;WORKFLOW,INFO
15:32:37.2 (2997119)|USER_INFO|[EXTERNAL]|0057Q000000qWuA|marwa-majdoub@resourceful-koala-fluhag.com|(GMT+01:00) heure normale d’Europe centrale (Europe/Paris)|GMT+01:00
15:32:37.2 (3104460)|EXECUTION_STARTED
15:32:37.2 (3135032)|CODE_UNIT_STARTED|[EXTERNAL]|01p7Q000001edKJ|testUpdateAccountCA.test()
15:32:37.2 (4613407)|HEAP_ALLOCATE|[79]|Bytes:3
15:32:37.2 (4696836)|HEAP_ALLOCATE|[84]|Bytes:152
15:32:37.2 (4721915)|HEAP_ALLOCATE|[399]|Bytes:408
15:32:37.2 (4740742)|HEAP_ALLOCATE|[412]|Bytes:408
15:32:37.2 (4754486)|HEAP_ALLOCATE|[520]|Bytes:48
15:32:37.2 (4781910)|HEAP_ALLOCATE|[139]|Bytes:6
15:32:37.2 (4797722)|HEAP_ALLOCATE|[EXTERNAL]|Bytes:70
15:32:37.2 (4840282)|METHOD_ENTRY|[2]|01p7Q000001edKJ|testUpdateAccountCA.testUpdateAccountCA()
15:32:37.2 (4861233)|STATEMENT_EXECUTE|[2]
15:32:37.2 (4873651)|STATEMENT_EXECUTE|[2]
15:32:37.2 (4881088)|METHOD_EXIT|[2]|testUpdateAccountCA
15:32:37.2 (4930358)|HEAP_ALLOCATE|[52]|Bytes:5
15:32:37.2 (4963399)|HEAP_ALLOCATE|[58]|Bytes:5
15:32:37.2 (4972260)|HEAP_ALLOCATE|[66]|Bytes:7
15:32:37.2 (5014599)|STATEMENT_EXECUTE|[3]
15:32:37.2 (5018072)|STATEMENT_EXECUTE|[4]
15:32:37.2 (5097128)|HEAP_ALLOCATE|[4]|Bytes:4
15:32:37.2 (5185284)|HEAP_ALLOCATE|[4]|Bytes:14
15:32:37.2 (6516069)|VARIABLE_ASSIGNMENT|[4]|this.Name|"Test Account 1"|0x51d354e5
15:32:37.2 (6569590)|VARIABLE_SCOPE_BEGIN|[4]|acc1|Account|true|false
15:32:37.2 (6604620)|VARIABLE_ASSIGNMENT|[4]|acc1|{"Name":"Test Account 1"}|0x51d354e5
15:32:37.2 (6622024)|STATEMENT_EXECUTE|[5]
15:32:37.2 (6693651)|HEAP_ALLOCATE|[5]|Bytes:8
15:32:37.2 (6728149)|DML_BEGIN|[5]|Op:Insert|Type:Account|Rows:1
15:32:37.2 (6786825)|HEAP_ALLOCATE|[EXTERNAL]|Bytes:8
15:32:37.2 (60061241)|DML_END|[5]
15:32:37.2 (60130275)|STATEMENT_EXECUTE|[7]
15:32:37.2 (60197746)|HEAP_ALLOCATE|[7]|Bytes:4
15:32:37.2 (60317533)|HEAP_ALLOCATE|[7]|Bytes:24
15:32:37.2 (61197835)|VARIABLE_ASSIGNMENT|[7]|this.Name|"Chemise Verte longue (4 more) ..."|0x46d99392
15:32:37.2 (61219852)|HEAP_ALLOCATE|[7]|Bytes:7
15:32:37.2 (61244211)|VARIABLE_ASSIGNMENT|[7]|this.Family|"Chemise"|0x46d99392
15:32:37.2 (61284709)|VARIABLE_SCOPE_BEGIN|[7]|pd1|Product2|true|false
15:32:37.2 (61311038)|VARIABLE_ASSIGNMENT|[7]|pd1|{"Name":"Chemise Verte longue (4 more) ...","Family":"Chemise"}|0x46d99392
15:32:37.2 (61326207)|STATEMENT_EXECUTE|[8]
15:32:37.2 (61356153)|HEAP_ALLOCATE|[8]|Bytes:8
15:32:37.2 (61374226)|DML_BEGIN|[8]|Op:Insert|Type:Product2|Rows:1
15:32:37.2 (61414839)|HEAP_ALLOCATE|[EXTERNAL]|Bytes:8
15:32:37.2 (79057544)|DML_END|[8]
15:32:37.2 (79088731)|STATEMENT_EXECUTE|[11]
15:32:37.2 (79148723)|HEAP_ALLOCATE|[11]|Bytes:4
15:32:37.2 (79270160)|HEAP_ALLOCATE|[12]|Bytes:74
15:32:37.2 (79307490)|SYSTEM_METHOD_ENTRY|[1]|Test.Test()
15:32:37.2 (79319173)|STATEMENT_EXECUTE|[1]
15:32:37.2 (79333508)|SYSTEM_METHOD_EXIT|[1]|Test
15:32:37.2 (79400761)|METHOD_ENTRY|[12]||System.Test.getStandardPricebookId()
15:32:37.2 (81447516)|METHOD_EXIT|[12]||System.Test.getStandardPricebookId()
15:32:37.2 (82313003)|VARIABLE_ASSIGNMENT|[11]|this.Pricebook2Id|"01s7Q000001IpDUQA0"|0x317aa82d
15:32:37.2 (82372412)|VARIABLE_ASSIGNMENT|[11]|this.Product2Id|"01t7Q000000h5F3QAI"|0x317aa82d
15:32:37.2 (82413447)|HEAP_ALLOCATE|[11]|Bytes:28
15:32:37.2 (82443954)|VARIABLE_ASSIGNMENT|[11]|this.UnitPrice|1020|0x317aa82d
15:32:37.2 (82466534)|VARIABLE_ASSIGNMENT|[11]|this.IsActive|true|0x317aa82d
15:32:37.2 (82495598)|VARIABLE_SCOPE_BEGIN|[11]|pbe|PricebookEntry|true|false
15:32:37.2 (82523428)|VARIABLE_ASSIGNMENT|[11]|pbe|{"Pricebook2Id":"01s7Q000001IpDUQA0","Product2Id":"01t7Q000000h5F3QAI","UnitPrice":1020,"IsActive":true}|0x317aa82d
15:32:37.2 (82537589)|STATEMENT_EXECUTE|[17]
15:32:37.2 (82562305)|HEAP_ALLOCATE|[17]|Bytes:8
15:32:37.2 (82580154)|DML_BEGIN|[17]|Op:Insert|Type:PricebookEntry|Rows:1
15:32:37.2 (82616805)|HEAP_ALLOCATE|[EXTERNAL]|Bytes:8
15:32:37.2 (101906601)|DML_END|[17]
15:32:37.2 (101938403)|STATEMENT_EXECUTE|[20]
15:32:37.2 (102000444)|HEAP_ALLOCATE|[20]|Bytes:4
15:32:37.2 (103159323)|VARIABLE_ASSIGNMENT|[20]|this.AccountId|"0017Q0000034QgHQAU"|0x1966ce21
15:32:37.2 (103290191)|HEAP_ALLOCATE|[20]|Bytes:4
15:32:37.2 (103373457)|VARIABLE_ASSIGNMENT|[20]|this.EffectiveDate|"2021-11-12T00:00:00.000Z"|0x1966ce21
15:32:37.2 (103386526)|HEAP_ALLOCATE|[20]|Bytes:5
15:32:37.2 (103409355)|VARIABLE_ASSIGNMENT|[20]|this.Status|"Draft"|0x1966ce21
15:32:37.2 (103457669)|VARIABLE_ASSIGNMENT|[20]|this.Pricebook2Id|"01s7Q000001IpDUQA0"|0x1966ce21
15:32:37.2 (103489999)|VARIABLE_SCOPE_BEGIN|[20]|o1|Order|true|false
15:32:37.2 (103526019)|VARIABLE_ASSIGNMENT|[20]|o1|{"AccountId":"0017Q0000034QgHQAU","EffectiveDate":"2021-11-12T00:00:00.000Z","Status":"Draft","Pricebook2Id":"01s7Q000001IpDUQA0"}|0x1966ce21
15:32:37.2 (103540763)|STATEMENT_EXECUTE|[22]
15:32:37.2 (103563456)|HEAP_ALLOCATE|[22]|Bytes:8
15:32:37.2 (103580806)|DML_BEGIN|[22]|Op:Insert|Type:Order|Rows:1
15:32:37.2 (103621429)|HEAP_ALLOCATE|[EXTERNAL]|Bytes:8
15:32:37.2 (126673683)|DML_END|[22]
15:32:37.2 (126707939)|STATEMENT_EXECUTE|[24]
15:32:37.2 (126766332)|HEAP_ALLOCATE|[24]|Bytes:4
15:32:37.2 (127728385)|VARIABLE_ASSIGNMENT|[24]|this.OrderId|"8017Q000000bmQfQAI"|0x73d97518
15:32:37.2 (127791218)|VARIABLE_ASSIGNMENT|[24]|this.PricebookEntryId|"01u7Q0000010dhCQAQ"|0x73d97518
15:32:37.2 (127833049)|HEAP_ALLOCATE|[24]|Bytes:28
15:32:37.2 (127841004)|HEAP_ALLOCATE|[24]|Bytes:28
15:32:37.2 (127865960)|VARIABLE_ASSIGNMENT|[24]|this.Quantity|10|0x73d97518
15:32:37.2 (127878760)|HEAP_ALLOCATE|[24]|Bytes:28
15:32:37.2 (127907224)|VARIABLE_ASSIGNMENT|[24]|this.UnitPrice|150|0x73d97518
15:32:37.2 (127933799)|VARIABLE_SCOPE_BEGIN|[24]|oi1|OrderItem|true|false
15:32:37.2 (127960286)|VARIABLE_ASSIGNMENT|[24]|oi1|{"OrderId":"8017Q000000bmQfQAI","PricebookEntryId":"01u7Q0000010dhCQAQ","Quantity":10,"UnitPrice":150}|0x73d97518
15:32:37.2 (127974522)|STATEMENT_EXECUTE|[25]
15:32:37.2 (127997683)|HEAP_ALLOCATE|[25]|Bytes:8
15:32:37.2 (128012211)|DML_BEGIN|[25]|Op:Insert|Type:OrderItem|Rows:1
15:32:37.2 (128048634)|HEAP_ALLOCATE|[EXTERNAL]|Bytes:8
15:32:37.2 (169295575)|CODE_UNIT_STARTED|[EXTERNAL]|Workflow:Order
15:32:37.2 (170160143)|CODE_UNIT_FINISHED|Workflow:Order
15:32:37.2 (176355167)|DML_END|[25]
15:32:37.2 (176393653)|STATEMENT_EXECUTE|[26]
15:32:37.2 (176418407)|HEAP_ALLOCATE|[26]|Bytes:4
15:32:37.2 (176503943)|VARIABLE_ASSIGNMENT|[26]|this.OrderId|"8017Q000000bmQfQAI"|0x25e109b4
15:32:37.2 (176535999)|VARIABLE_ASSIGNMENT|[26]|this.PricebookEntryId|"01u7Q0000010dhCQAQ"|0x25e109b4
15:32:37.2 (176561019)|HEAP_ALLOCATE|[26]|Bytes:28
15:32:37.2 (176587159)|VARIABLE_ASSIGNMENT|[26]|this.Quantity|20|0x25e109b4
15:32:37.2 (176599362)|HEAP_ALLOCATE|[26]|Bytes:28
15:32:37.2 (176618210)|VARIABLE_ASSIGNMENT|[26]|this.UnitPrice|1000|0x25e109b4
15:32:37.2 (176654960)|VARIABLE_SCOPE_BEGIN|[26]|oi2|OrderItem|true|false
15:32:37.2 (176718953)|VARIABLE_ASSIGNMENT|[26]|oi2|{"OrderId":"8017Q000000bmQfQAI","PricebookEntryId":"01u7Q0000010dhCQAQ","Quantity":20,"UnitPrice":1000}|0x25e109b4
15:32:37.2 (176742348)|STATEMENT_EXECUTE|[27]
15:32:37.2 (176794188)|HEAP_ALLOCATE|[27]|Bytes:8
15:32:37.2 (176814440)|DML_BEGIN|[27]|Op:Insert|Type:OrderItem|Rows:1
15:32:37.2 (176861581)|HEAP_ALLOCATE|[EXTERNAL]|Bytes:8
15:32:37.2 (209575153)|CODE_UNIT_STARTED|[EXTERNAL]|Workflow:Order
15:32:37.2 (209642203)|CODE_UNIT_FINISHED|Workflow:Order
15:32:37.2 (214755270)|DML_END|[27]
15:32:37.2 (214795007)|STATEMENT_EXECUTE|[29]
15:32:37.2 (214805608)|HEAP_ALLOCATE|[29]|Bytes:9
15:32:37.2 (214906000)|VARIABLE_ASSIGNMENT|[29]|this.Status|"Activated"|0x1966ce21
15:32:37.2 (214918692)|STATEMENT_EXECUTE|[30]
15:32:37.2 (214975949)|HEAP_ALLOCATE|[30]|Bytes:8
15:32:37.2 (214992301)|DML_BEGIN|[30]|Op:Update|Type:Order|Rows:1
15:32:37.2 (215034854)|HEAP_ALLOCATE|[EXTERNAL]|Bytes:8
15:32:37.2 (232825429)|DML_END|[30]
15:32:37.2 (232869863)|STATEMENT_EXECUTE|[33]
15:32:37.2 (232960746)|HEAP_ALLOCATE|[33]|Bytes:4
15:32:37.2 (233114978)|VARIABLE_SCOPE_BEGIN|[33]|setAccountId|Set<Id>|true|false
15:32:37.2 (233200358)|VARIABLE_ASSIGNMENT|[33]|setAccountId|[]|0x65a1296f
15:32:37.2 (233213767)|STATEMENT_EXECUTE|[35]
15:32:37.2 (233300329)|HEAP_ALLOCATE|[EXTERNAL]|Bytes:4
15:32:37.2 (233314094)|STATEMENT_EXECUTE|[40]
15:32:37.2 (233335805)|METHOD_ENTRY|[40]||System.Test.startTest()
15:32:37.2 (235108876)|METHOD_EXIT|[40]||System.Test.startTest()
15:32:37.2 (235126028)|STATEMENT_EXECUTE|[41]
15:32:37.2 (238667382)|VARIABLE_SCOPE_BEGIN|[2]|AP01Account.qrAccount|P9_QR_Account|true|true
15:32:37.2 (240257205)|VARIABLE_SCOPE_BEGIN|[3]|AP01Account.qrOrder|P9_QR_Order|true|true
15:32:37.2 (240295834)|HEAP_ALLOCATE|[41]|Bytes:3
15:32:37.2 (240354552)|METHOD_ENTRY|[1]|01p7Q000001fQzc|AP01Account.AP01Account()
15:32:37.2 (240369504)|STATEMENT_EXECUTE|[1]
15:32:37.2 (240378097)|STATEMENT_EXECUTE|[1]
15:32:37.2 (240901467)|SYSTEM_MODE_ENTER|false
15:32:37.2 (240929857)|HEAP_ALLOCATE|[2]|Bytes:5
15:32:37.2 (240944345)|STATEMENT_EXECUTE|[2]
15:32:37.2 (240952130)|HEAP_ALLOCATE|[2]|Bytes:6
15:32:37.2 (241014697)|METHOD_ENTRY|[1]|01p7Q000001ga90|P9_QR_Account.P9_QR_Account()
15:32:37.2 (241025046)|STATEMENT_EXECUTE|[1]
15:32:37.2 (241033076)|STATEMENT_EXECUTE|[1]
15:32:37.2 (241039602)|HEAP_ALLOCATE|[2]|Bytes:5
15:32:37.2 (241054787)|METHOD_EXIT|[1]|P9_QR_Account
15:32:37.2 (241088029)|HEAP_ALLOCATE|[2]|Bytes:4
15:32:37.2 (241210263)|CONSTRUCTOR_ENTRY|[2]|01p7Q000001ga90|<init>()|P9_QR_Account
15:32:37.2 (241243889)|VARIABLE_SCOPE_BEGIN|[2]|this|P9_QR_Account|true|false
15:32:37.2 (241325970)|VARIABLE_ASSIGNMENT|[2]|this|{}|0x7b7b7eca
15:32:37.2 (241345312)|HEAP_ALLOCATE|[41]|Bytes:5
15:32:37.2 (241354853)|STATEMENT_EXECUTE|[1]
15:32:37.2 (241358203)|HEAP_ALLOCATE|[41]|Bytes:5
15:32:37.2 (241369502)|HEAP_ALLOCATE|[41]|Bytes:6
15:32:37.2 (241399479)|STATEMENT_EXECUTE|[2]
15:32:37.2 (241407101)|CONSTRUCTOR_EXIT|[2]|01p7Q000001ga90|<init>()|P9_QR_Account
15:32:37.2 (241446955)|VARIABLE_ASSIGNMENT|[2]|AP01Account.qrAccount|{}|0x7b7b7eca
15:32:37.2 (241456172)|STATEMENT_EXECUTE|[3]
15:32:37.2 (241461533)|HEAP_ALLOCATE|[3]|Bytes:3
15:32:37.2 (241479415)|METHOD_ENTRY|[1]|01p7Q000001gia4|P9_QR_Order.P9_QR_Order()
15:32:37.2 (241487672)|STATEMENT_EXECUTE|[1]
15:32:37.2 (241492686)|STATEMENT_EXECUTE|[1]
15:32:37.2 (241497079)|HEAP_ALLOCATE|[3]|Bytes:5
15:32:37.2 (241506655)|METHOD_EXIT|[1]|P9_QR_Order
15:32:37.2 (241517936)|HEAP_ALLOCATE|[3]|Bytes:4
15:32:37.2 (241528669)|CONSTRUCTOR_ENTRY|[3]|01p7Q000001gia4|<init>()|P9_QR_Order
15:32:37.2 (241552062)|VARIABLE_SCOPE_BEGIN|[2]|this|P9_QR_Order|true|false
15:32:37.2 (241573198)|VARIABLE_ASSIGNMENT|[2]|this|{}|0x97a8cbc
15:32:37.2 (241587165)|HEAP_ALLOCATE|[41]|Bytes:5
15:32:37.2 (241593203)|STATEMENT_EXECUTE|[1]
15:32:37.2 (241596281)|HEAP_ALLOCATE|[41]|Bytes:5
15:32:37.2 (241613827)|STATEMENT_EXECUTE|[2]
15:32:37.2 (241619169)|CONSTRUCTOR_EXIT|[3]|01p7Q000001gia4|<init>()|P9_QR_Order
15:32:37.2 (241641808)|VARIABLE_ASSIGNMENT|[3]|AP01Account.qrOrder|{}|0x97a8cbc
15:32:37.2 (241652322)|SYSTEM_MODE_EXIT|false
15:32:37.2 (241668929)|METHOD_EXIT|[1]|AP01Account
15:32:37.2 (241695226)|METHOD_ENTRY|[41]|01p7Q000001fQzc|AP01Account.updateChiffreAffaire(Set<Id>)
15:32:37.2 (241739164)|VARIABLE_SCOPE_BEGIN|[7]|setAccountIds|Set<Id>|true|false
15:32:37.2 (241763801)|VARIABLE_ASSIGNMENT|[7]|setAccountIds|["0017Q0000034QgHQAU"]|0x65a1296f
15:32:37.2 (241784539)|SYSTEM_MODE_ENTER|false
15:32:37.2 (241792820)|HEAP_ALLOCATE|[9]|Bytes:5
15:32:37.2 (241801214)|STATEMENT_EXECUTE|[7]
15:32:37.2 (241805094)|STATEMENT_EXECUTE|[9]
15:32:37.2 (241835196)|METHOD_ENTRY|[9]|01p7Q000001ga90|P9_QR_Account.getAccounts(Set<Id>)
15:32:37.2 (241901359)|VARIABLE_SCOPE_BEGIN|[5]|this|P9_QR_Account|true|false
15:32:37.2 (241926491)|VARIABLE_ASSIGNMENT|[5]|this|{}|0x7b7b7eca
15:32:37.2 (241939442)|VARIABLE_SCOPE_BEGIN|[5]|setAccountIds|Set<Id>|true|false
15:32:37.2 (241955030)|VARIABLE_ASSIGNMENT|[5]|setAccountIds|["0017Q0000034QgHQAU"]|0x65a1296f
15:32:37.2 (241970879)|HEAP_ALLOCATE|[6]|Bytes:5
15:32:37.2 (241979199)|STATEMENT_EXECUTE|[5]
15:32:37.2 (241981726)|STATEMENT_EXECUTE|[6]
15:32:37.2 (241985828)|HEAP_ALLOCATE|[6]|Bytes:57
15:32:37.2 (242011517)|HEAP_ALLOCATE|[6]|Bytes:4
15:32:37.2 (242026759)|HEAP_ALLOCATE|[6]|Bytes:7
15:32:37.2 (242092819)|HEAP_ALLOCATE|[6]|Bytes:8
15:32:37.2 (242103754)|HEAP_ALLOCATE|[6]|Bytes:8
15:32:37.2 (242468483)|SOQL_EXECUTE_BEGIN|[6]|Aggregations:0|SELECT Id, AnnualRevenue FROM Account WHERE Id = :tmpVar1
15:32:37.2 (246667605)|SOQL_EXECUTE_END|[6]|Rows:1
15:32:37.2 (246699009)|HEAP_ALLOCATE|[6]|Bytes:8
15:32:37.2 (246732651)|HEAP_ALLOCATE|[6]|Bytes:29
15:32:37.2 (246766150)|HEAP_ALLOCATE|[6]|Bytes:8
15:32:37.2 (246786126)|METHOD_EXIT|[9]|01p7Q000001ga90|P9_QR_Account.getAccounts(Set<Id>)
15:32:37.2 (246797020)|VARIABLE_SCOPE_BEGIN|[9]|myAccounts|List<Account>|true|false
15:32:37.2 (246831891)|VARIABLE_ASSIGNMENT|[9]|myAccounts|[{"Id":"0017Q0000034QgHQAU"}]|0x23d3980f
15:32:37.2 (246847232)|STATEMENT_EXECUTE|[10]
15:32:37.2 (246861639)|HEAP_ALLOCATE|[10]|Bytes:4
15:32:37.2 (246930697)|VARIABLE_SCOPE_BEGIN|[10]|accountsToUpdate|List<Account>|true|false
15:32:37.2 (246943701)|HEAP_ALLOCATE|[EXTERNAL]|Bytes:4
15:32:37.2 (246952445)|VARIABLE_ASSIGNMENT|[10]|accountsToUpdate|[]|0x72550e2c
15:32:37.2 (246963598)|STATEMENT_EXECUTE|[11]
15:32:37.2 (246992843)|METHOD_ENTRY|[11]|01p7Q000001gia4|P9_QR_Order.getOrders(Set<Id>)
15:32:37.2 (247069237)|VARIABLE_SCOPE_BEGIN|[5]|this|P9_QR_Order|true|false
15:32:37.2 (247102240)|VARIABLE_ASSIGNMENT|[5]|this|{}|0x97a8cbc
15:32:37.2 (247111525)|VARIABLE_SCOPE_BEGIN|[5]|setAccountIds|Set<Id>|true|false
15:32:37.2 (247127613)|VARIABLE_ASSIGNMENT|[5]|setAccountIds|["0017Q0000034QgHQAU"]|0x65a1296f
15:32:37.2 (247151240)|HEAP_ALLOCATE|[6]|Bytes:5
15:32:37.2 (247161604)|STATEMENT_EXECUTE|[5]
15:32:37.2 (247207311)|STATEMENT_EXECUTE|[6]
15:32:37.2 (247211458)|HEAP_ALLOCATE|[6]|Bytes:98
15:32:37.2 (247228737)|HEAP_ALLOCATE|[6]|Bytes:4
15:32:37.2 (247319177)|HEAP_ALLOCATE|[6]|Bytes:8
15:32:37.2 (247329691)|HEAP_ALLOCATE|[6]|Bytes:8
15:32:37.2 (247695955)|SOQL_EXECUTE_BEGIN|[6]|Aggregations:0|SELECT Id, TotalAmount, AccountId FROM Order WHERE (AccountId = :tmpVar1 AND Status = 'Activated')
15:32:37.2 (256793621)|SOQL_EXECUTE_END|[6]|Rows:1
15:32:37.2 (256827352)|HEAP_ALLOCATE|[6]|Bytes:8
15:32:37.2 (256865860)|HEAP_ALLOCATE|[6]|Bytes:111
15:32:37.2 (256902877)|HEAP_ALLOCATE|[6]|Bytes:8
15:32:37.2 (256922711)|METHOD_EXIT|[11]|01p7Q000001gia4|P9_QR_Order.getOrders(Set<Id>)
15:32:37.2 (256936141)|VARIABLE_SCOPE_BEGIN|[11]|accountOrdersList|List<Order>|true|false
15:32:37.2 (256974602)|VARIABLE_ASSIGNMENT|[11]|accountOrdersList|[{"Id":"8017Q000000bmQfQAI","TotalAmount":21500.00,"AccountId":"0017Q0000034QgHQAU"}]|0x4458b6a8
15:32:37.2 (257156072)|HEAP_ALLOCATE|[13]|Bytes:5
15:32:37.2 (257182770)|HEAP_ALLOCATE|[13]|Bytes:8
15:32:37.2 (257196729)|VARIABLE_SCOPE_BEGIN|[13]|ac|Account|true|false
15:32:37.2 (257219120)|VARIABLE_ASSIGNMENT|[13]|ac|{"Id":"0017Q0000034QgHQAU"}|0xd160d92
15:32:37.2 (257237659)|STATEMENT_EXECUTE|[13]
15:32:37.2 (257355845)|HEAP_ALLOCATE|[15]|Bytes:5
15:32:37.2 (257372036)|HEAP_ALLOCATE|[15]|Bytes:16
15:32:37.2 (257380821)|VARIABLE_SCOPE_BEGIN|[15]|ord|Order|true|false
15:32:37.2 (257404102)|VARIABLE_ASSIGNMENT|[15]|ord|{"Id":"8017Q000000bmQfQAI","TotalAmount":21500.00,"AccountId":"0017Q0000034QgHQAU"}|0x50e461d8
15:32:37.2 (257417799)|STATEMENT_EXECUTE|[15]
15:32:37.2 (257542796)|STATEMENT_EXECUTE|[16]
15:32:37.2 (257549258)|STATEMENT_EXECUTE|[18]
15:32:37.2 (257552247)|STATEMENT_EXECUTE|[18]
15:32:37.2 (257568010)|HEAP_ALLOCATE|[18]|Bytes:28
15:32:37.2 (257575455)|HEAP_ALLOCATE|[18]|Bytes:28
15:32:37.2 (257650254)|HEAP_ALLOCATE|[18]|Bytes:-4
15:32:37.2 (257878619)|VARIABLE_ASSIGNMENT|[18]|this.AnnualRevenue|0|0xd160d92
15:32:37.2 (258405050)|HEAP_ALLOCATE|[18]|Bytes:5
15:32:37.2 (299414181)|HEAP_DUMP|[19]|07n7Q0000008OTB|AP01Account|none|19
15:32:37.2 (299440667)|STATEMENT_EXECUTE|[19]
15:32:37.2 (299514669)|HEAP_ALLOCATE|[19]|Bytes:28
15:32:37.2 (299634791)|HEAP_ALLOCATE|[19]|Bytes:28
15:32:37.2 (299775674)|VARIABLE_ASSIGNMENT|[19]|this.AnnualRevenue|21500.00|0xd160d92
15:32:37.2 (299832534)|STATEMENT_EXECUTE|[20]
15:32:37.2 (299880235)|HEAP_ALLOCATE|[EXTERNAL]|Bytes:4
15:32:37.2 (299905887)|HEAP_ALLOCATE|[15]|Bytes:5
15:32:37.2 (299940645)|VARIABLE_ASSIGNMENT|[15]|ord|null|
15:32:37.2 (299965673)|HEAP_ALLOCATE|[13]|Bytes:5
15:32:37.2 (299981091)|VARIABLE_ASSIGNMENT|[13]|ac|null|
15:32:37.2 (299988917)|STATEMENT_EXECUTE|[26]
15:32:37.2 (300081290)|DML_BEGIN|[26]|Op:Update|Type:Account|Rows:1
15:32:37.2 (300127208)|HEAP_ALLOCATE|[EXTERNAL]|Bytes:8
15:32:37.2 (320044061)|DML_END|[26]
15:32:37.2 (320116753)|HEAP_ALLOCATE|[EXTERNAL]|Bytes:8
15:32:37.2 (320142463)|SYSTEM_MODE_EXIT|false
15:32:37.2 (320162509)|METHOD_EXIT|[41]|01p7Q000001fQzc|AP01Account.updateChiffreAffaire(Set<Id>)
15:32:37.2 (320180012)|STATEMENT_EXECUTE|[45]
15:32:37.2 (320188334)|HEAP_ALLOCATE|[45]|Bytes:53
15:32:37.2 (320217449)|HEAP_ALLOCATE|[45]|Bytes:4
15:32:37.2 (320574865)|SOQL_EXECUTE_BEGIN|[45]|Aggregations:0|SELECT AnnualRevenue FROM Account WHERE Id = :tmpVar1
15:32:37.2 (324444561)|SOQL_EXECUTE_END|[45]|Rows:1
15:32:37.2 (324475414)|HEAP_ALLOCATE|[45]|Bytes:8
15:32:37.2 (324511117)|HEAP_ALLOCATE|[45]|Bytes:82
15:32:37.2 (324545156)|HEAP_ALLOCATE|[45]|Bytes:8
15:32:37.2 (324561594)|HEAP_ALLOCATE|[45]|Bytes:33
15:32:37.2 (324590418)|HEAP_ALLOCATE|[45]|Bytes:12
15:32:37.2 (324599884)|VARIABLE_SCOPE_BEGIN|[45]|ac|Account|true|false
15:32:37.2 (324655522)|VARIABLE_ASSIGNMENT|[45]|ac|{"AnnualRevenue":21500,"Id":"0017Q0000034QgHQAU"}|0x4692a2f1
15:32:37.2 (324672690)|STATEMENT_EXECUTE|[46]
15:32:37.2 (324694366)|METHOD_ENTRY|[46]||System.Test.stopTest()
15:32:37.2 (325626223)|METHOD_EXIT|[46]||System.Test.stopTest()
15:32:37.2 (325646023)|STATEMENT_EXECUTE|[47]
15:32:37.325 (325791734)|CUMULATIVE_LIMIT_USAGE
15:32:37.325 (325791734)|LIMIT_USAGE_FOR_NS|(default)|
  Number of SOQL queries: 0 out of 100
  Number of query rows: 0 out of 50000
  Number of SOSL queries: 0 out of 20
  Number of DML statements: 7 out of 150
  Number of Publish Immediate DML: 0 out of 150
  Number of DML rows: 7 out of 10000
  Maximum CPU time: 0 out of 10000
  Maximum heap size: 0 out of 6000000
  Number of callouts: 0 out of 100
  Number of Email Invocations: 0 out of 10
  Number of future calls: 0 out of 50
  Number of queueable jobs added to the queue: 0 out of 50
  Number of Mobile Apex push calls: 0 out of 10

15:32:37.325 (325791734)|TESTING_LIMITS
15:32:37.325 (325791734)|LIMIT_USAGE_FOR_NS|(default)|
  Number of SOQL queries: 3 out of 100
  Number of query rows: 3 out of 50000
  Number of SOSL queries: 0 out of 20
  Number of DML statements: 1 out of 150
  Number of Publish Immediate DML: 0 out of 150
  Number of DML rows: 1 out of 10000
  Maximum CPU time: 0 out of 10000
  Maximum heap size: 0 out of 6000000
  Number of callouts: 0 out of 100
  Number of Email Invocations: 0 out of 10
  Number of future calls: 0 out of 50
  Number of queueable jobs added to the queue: 0 out of 50
  Number of Mobile Apex push calls: 0 out of 10

15:32:37.325 (325791734)|CUMULATIVE_LIMIT_USAGE_END

15:32:37.2 (325892963)|CODE_UNIT_FINISHED|testUpdateAccountCA.test()
15:32:37.2 (325906488)|EXECUTION_FINISHED
